[0.016s] Invoking command in '/home/yangcb/Desktop/ROS2_Sample/sample4/build/sample4': CMAKE_PREFIX_PATH=/opt/ros/foxy /usr/bin/cmake --build /home/yangcb/Desktop/ROS2_Sample/sample4/build/sample4 -- -j2 -l2
[0.061s] [35m[1mScanning dependencies of target sample4[0m
[0.087s] [ 50%] [32mBuilding CXX object CMakeFiles/sample4.dir/src/sample4.cpp.o[0m
[1.190s] [01m[K/home/yangcb/Desktop/ROS2_Sample/sample4/src/sample4/src/sample4.cpp:[m[K In lambda function:
[1.190s] [01m[K/home/yangcb/Desktop/ROS2_Sample/sample4/src/sample4/src/sample4.cpp:23:23:[m[K [01;31m[Kerror: [m[Kâ€˜[01m[Kbuildin_interfaces[m[Kâ€™ was not declared in this scope; did you mean â€˜[01m[Kbuiltin_interfaces[m[Kâ€™?
[1.190s]    23 |      std::make_unique<[01;31m[Kbuildin_interfaces[m[K::Time>(this->get_clock()->now());
[1.190s]       |                       [01;31m[K^~~~~~~~~~~~~~~~~~[m[K
[1.190s]       |                       [32m[Kbuiltin_interfaces[m[K
[1.190s] [01m[K/home/yangcb/Desktop/ROS2_Sample/sample4/src/sample4/src/sample4.cpp:23:11:[m[K [01;31m[Kerror: [m[Kparse error in template argument list
[1.190s]    23 |      std::[01;31m[Kmake_unique<buildin_interfaces::Time>[m[K(this->get_clock()->now());
[1.191s]       |           [01;31m[K^~~~~~~~~~~~~~~~~~~~~~~~~~~~~~~~~~~~~[m[K
[1.191s] [01m[K/home/yangcb/Desktop/ROS2_Sample/sample4/src/sample4/src/sample4.cpp:23:73:[m[K [01;31m[Kerror: [m[Kno matching function for call to â€˜[01m[Kmake_unique<<expression error> >(rclcpp::Time)[m[Kâ€™
[1.191s]    23 |      std::make_unique<buildin_interfaces::Time>(this->get_clock()->now()[01;31m[K)[m[K;
[1.191s]       |                                                                         [01;31m[K^[m[K
[1.191s] In file included from [01m[K/usr/include/c++/9/memory:80[m[K,
[1.191s]                  from [01m[K/home/yangcb/Desktop/ROS2_Sample/sample4/src/sample4/src/sample4.cpp:2[m[K:
[1.192s] [01m[K/usr/include/c++/9/bits/unique_ptr.h:856:5:[m[K [01;36m[Knote: [m[Kcandidate: â€˜[01m[Ktemplate<class _Tp, class ... _Args> typename std::_MakeUniq<_Tp>::__single_object std::make_unique(_Args&& ...)[m[Kâ€™
[1.192s]   856 |     [01;36m[Kmake_unique[m[K(_Args&&... __args)
[1.192s]       |     [01;36m[K^~~~~~~~~~~[m[K
[1.192s] [01m[K/usr/include/c++/9/bits/unique_ptr.h:856:5:[m[K [01;36m[Knote: [m[K  template argument deduction/substitution failed:
[1.192s] [01m[K/home/yangcb/Desktop/ROS2_Sample/sample4/src/sample4/src/sample4.cpp:23:73:[m[K [01;31m[Kerror: [m[Ktemplate argument 1 is invalid
[1.192s]    23 |      std::make_unique<buildin_interfaces::Time>(this->get_clock()->now()[01;31m[K)[m[K;
[1.192s]       |                                                                         [01;31m[K^[m[K
[1.192s] In file included from [01m[K/usr/include/c++/9/memory:80[m[K,
[1.192s]                  from [01m[K/home/yangcb/Desktop/ROS2_Sample/sample4/src/sample4/src/sample4.cpp:2[m[K:
[1.193s] [01m[K/usr/include/c++/9/bits/unique_ptr.h:862:5:[m[K [01;36m[Knote: [m[Kcandidate: â€˜[01m[Ktemplate<class _Tp> typename std::_MakeUniq<_Tp>::__array std::make_unique(std::size_t)[m[Kâ€™
[1.193s]   862 |     [01;36m[Kmake_unique[m[K(size_t __num)
[1.193s]       |     [01;36m[K^~~~~~~~~~~[m[K
[1.193s] [01m[K/usr/include/c++/9/bits/unique_ptr.h:862:5:[m[K [01;36m[Knote: [m[K  template argument deduction/substitution failed:
[1.193s] [01m[K/home/yangcb/Desktop/ROS2_Sample/sample4/src/sample4/src/sample4.cpp:23:73:[m[K [01;31m[Kerror: [m[Ktemplate argument 1 is invalid
[1.193s]    23 |      std::make_unique<buildin_interfaces::Time>(this->get_clock()->now()[01;31m[K)[m[K;
[1.193s]       |                                                                         [01;31m[K^[m[K
[1.193s] In file included from [01m[K/usr/include/c++/9/memory:80[m[K,
[1.193s]                  from [01m[K/home/yangcb/Desktop/ROS2_Sample/sample4/src/sample4/src/sample4.cpp:2[m[K:
[1.193s] [01m[K/usr/include/c++/9/bits/unique_ptr.h:868:5:[m[K [01;36m[Knote: [m[Kcandidate: â€˜[01m[Ktemplate<class _Tp, class ... _Args> typename std::_MakeUniq<_Tp>::__invalid_type std::make_unique(_Args&& ...)[m[Kâ€™ <deleted>
[1.194s]   868 |     [01;36m[Kmake_unique[m[K(_Args&&...) = delete;
[1.194s]       |     [01;36m[K^~~~~~~~~~~[m[K
[1.194s] [01m[K/usr/include/c++/9/bits/unique_ptr.h:868:5:[m[K [01;36m[Knote: [m[K  template argument deduction/substitution failed:
[1.194s] [01m[K/home/yangcb/Desktop/ROS2_Sample/sample4/src/sample4/src/sample4.cpp:23:73:[m[K [01;31m[Kerror: [m[Ktemplate argument 1 is invalid
[1.194s]    23 |      std::make_unique<buildin_interfaces::Time>(this->get_clock()->now()[01;31m[K)[m[K;
[1.194s]       |                                                                         [01;31m[K^[m[K
[1.195s] In file included from [01m[K/opt/ros/foxy/include/rclcpp/client.hpp:40[m[K,
[1.195s]                  from [01m[K/opt/ros/foxy/include/rclcpp/callback_group.hpp:23[m[K,
[1.195s]                  from [01m[K/opt/ros/foxy/include/rclcpp/any_executable.hpp:20[m[K,
[1.195s]                  from [01m[K/opt/ros/foxy/include/rclcpp/memory_strategy.hpp:24[m[K,
[1.196s]                  from [01m[K/opt/ros/foxy/include/rclcpp/memory_strategies.hpp:18[m[K,
[1.196s]                  from [01m[K/opt/ros/foxy/include/rclcpp/executor_options.hpp:20[m[K,
[1.196s]                  from [01m[K/opt/ros/foxy/include/rclcpp/executor.hpp:33[m[K,
[1.196s]                  from [01m[K/opt/ros/foxy/include/rclcpp/executors/multi_threaded_executor.hpp:26[m[K,
[1.196s]                  from [01m[K/opt/ros/foxy/include/rclcpp/executors.hpp:21[m[K,
[1.196s]                  from [01m[K/opt/ros/foxy/include/rclcpp/rclcpp.hpp:146[m[K,
[1.196s]                  from [01m[K/home/yangcb/Desktop/ROS2_Sample/sample4/src/sample4/src/sample4.cpp:5[m[K:
[1.196s] [01m[K/home/yangcb/Desktop/ROS2_Sample/sample4/src/sample4/src/sample4.cpp:24:77:[m[K [01;31m[Kerror: [m[Kâ€˜[01m[Kunitptr_t[m[Kâ€™ in namespace â€˜[01m[Kstd[m[Kâ€™ does not name a type; did you mean â€˜[01m[Knullptr_t[m[Kâ€™?
[1.196s]    24 |     RCLCPP_INFO(this->get_logger(), "pub:Addr is:" << reinterpret_cast<std::[01;31m[Kunitptr_t[m[K>(timestamp_.get()));
[1.196s]       |                                                                             [01;31m[K^~~~~~~~~[m[K
[1.198s] [01m[K/home/yangcb/Desktop/ROS2_Sample/sample4/src/sample4/src/sample4.cpp:25:35:[m[K [01;31m[Kerror: [m[Kâ€˜[01m[Ktimestamp[m[Kâ€™ was not declared in this scope; did you mean â€˜[01m[Ktimestamp_[m[Kâ€™?
[1.198s]    25 |     publisher_->publish(std::move([01;31m[Ktimestamp[m[K));
[1.198s]       |                                   [01;31m[K^~~~~~~~~[m[K
[1.198s]       |                                   [32m[Ktimestamp_[m[K
[1.204s] [01m[K/home/yangcb/Desktop/ROS2_Sample/sample4/src/sample4/src/sample4.cpp:[m[K At global scope:
[1.204s] [01m[K/home/yangcb/Desktop/ROS2_Sample/sample4/src/sample4/src/sample4.cpp:37:25:[m[K [01;31m[Kerror: [m[Kexpected class-name before â€˜[01m[Krclcpp[m[Kâ€™
[1.204s]    37 | class SubNode : publish [01;31m[Krclcpp[m[K::Node
[1.204s]       |                         [01;31m[K^~~~~~[m[K
[1.204s] [01m[K/home/yangcb/Desktop/ROS2_Sample/sample4/src/sample4/src/sample4.cpp:37:25:[m[K [01;31m[Kerror: [m[Kexpected â€˜[01m[K{[m[Kâ€™ before â€˜[01m[Krclcpp[m[Kâ€™
[1.204s] [01m[K/home/yangcb/Desktop/ROS2_Sample/sample4/src/sample4/src/sample4.cpp:39:2:[m[K [01;31m[Kerror: [m[Kexpected primary-expression before â€˜[01m[Kpublic[m[Kâ€™
[1.204s]    39 |  [01;31m[Kpublic[m[K:
[1.204s]       |  [01;31m[K^~~~~~[m[K
[1.204s] [01m[K/home/yangcb/Desktop/ROS2_Sample/sample4/src/sample4/src/sample4.cpp:39:2:[m[K [01;31m[Kerror: [m[Kexpected â€˜[01m[K}[m[Kâ€™ before â€˜[01m[Kpublic[m[Kâ€™
[1.205s] [01m[K/home/yangcb/Desktop/ROS2_Sample/sample4/src/sample4/src/sample4.cpp:38:1:[m[K [01;36m[Knote: [m[Kto match this â€˜[01m[K{[m[Kâ€™
[1.205s]    38 | [01;36m[K{[m[K
[1.205s]       | [01;36m[K^[m[K
[1.205s] [01m[K/home/yangcb/Desktop/ROS2_Sample/sample4/src/sample4/src/sample4.cpp:49:2:[m[K [01;31m[Kerror: [m[Kexpected unqualified-id before â€˜[01m[Kprivate[m[Kâ€™
[1.205s]    49 |  [01;31m[Kprivate[m[K:
[1.205s]       |  [01;31m[K^~~~~~~[m[K
[1.205s] In file included from [01m[K/opt/ros/foxy/include/rclcpp/service.hpp:34[m[K,
[1.205s]                  from [01m[K/opt/ros/foxy/include/rclcpp/callback_group.hpp:25[m[K,
[1.205s]                  from [01m[K/opt/ros/foxy/include/rclcpp/any_executable.hpp:20[m[K,
[1.206s]                  from [01m[K/opt/ros/foxy/include/rclcpp/memory_strategy.hpp:24[m[K,
[1.206s]                  from [01m[K/opt/ros/foxy/include/rclcpp/memory_strategies.hpp:18[m[K,
[1.206s]                  from [01m[K/opt/ros/foxy/include/rclcpp/executor_options.hpp:20[m[K,
[1.206s]                  from [01m[K/opt/ros/foxy/include/rclcpp/executor.hpp:33[m[K,
[1.206s]                  from [01m[K/opt/ros/foxy/include/rclcpp/executors/multi_threaded_executor.hpp:26[m[K,
[1.206s]                  from [01m[K/opt/ros/foxy/include/rclcpp/executors.hpp:21[m[K,
[1.206s]                  from [01m[K/opt/ros/foxy/include/rclcpp/rclcpp.hpp:146[m[K,
[1.206s]                  from [01m[K/home/yangcb/Desktop/ROS2_Sample/sample4/src/sample4/src/sample4.cpp:5[m[K:
[1.206s] [01m[K/home/yangcb/Desktop/ROS2_Sample/sample4/src/sample4/src/sample4.cpp:[m[K In function â€˜[01m[Kvoid count_sub_callback(builtin_interfaces::msg::Time_<std::allocator<void> >::UniquePtr)[m[Kâ€™:
[1.207s] [01m[K/home/yangcb/Desktop/ROS2_Sample/sample4/src/sample4/src/sample4.cpp:53:23:[m[K [01;31m[Kerror: [m[Kinvalid use of â€˜[01m[Kthis[m[Kâ€™ in non-member function
[1.207s]    53 |    RCLCPP_INFO_STREAM([01;31m[Kthis[m[K->get_logger(), "sub::Addr is: " <<
[1.207s]       |                       [01;31m[K^~~~[m[K
[1.207s] [01m[K/home/yangcb/Desktop/ROS2_Sample/sample4/src/sample4/src/sample4.cpp:53:23:[m[K [01;31m[Kerror: [m[Kinvalid use of â€˜[01m[Kthis[m[Kâ€™ in non-member function
[1.207s] [01m[K/home/yangcb/Desktop/ROS2_Sample/sample4/src/sample4/src/sample4.cpp:53:4:[m[K [01;31m[Kerror: [m[Ktemplate argument 1 is invalid
[1.207s]    53 |    [01;31m[KRCLCPP_INFO_STREAM[m[K(this->get_logger(), "sub::Addr is: " <<
[1.208s]       |    [01;31m[K^~~~~~~~~~~~~~~~~~[m[K
[1.208s] [01m[K/home/yangcb/Desktop/ROS2_Sample/sample4/src/sample4/src/sample4.cpp:53:4:[m[K [01;31m[Kerror: [m[Ktemplate argument 1 is invalid
[1.208s]    53 |    [01;31m[KRCLCPP_INFO_STREAM[m[K(this->get_logger(), "sub::Addr is: " <<
[1.208s]       |    [01;31m[K^~~~~~~~~~~~~~~~~~[m[K
[1.208s] [01m[K/home/yangcb/Desktop/ROS2_Sample/sample4/src/sample4/src/sample4.cpp:53:4:[m[K [01;31m[Kerror: [m[Ktemplate argument 1 is invalid
[1.208s]    53 |    [01;31m[KRCLCPP_INFO_STREAM[m[K(this->get_logger(), "sub::Addr is: " <<
[1.208s]       |    [01;31m[K^~~~~~~~~~~~~~~~~~[m[K
[1.209s] [01m[K/home/yangcb/Desktop/ROS2_Sample/sample4/src/sample4/src/sample4.cpp:54:28:[m[K [01;31m[Kerror: [m[Kâ€˜[01m[Kunitptr_t[m[Kâ€™ in namespace â€˜[01m[Kstd[m[Kâ€™ does not name a type; did you mean â€˜[01m[Knullptr_t[m[Kâ€™?
[1.209s]    54 |      reinterpret_cast<std::[01;31m[Kunitptr_t[m[K>(msg.get()));
[1.209s]       |                            [01;31m[K^~~~~~~~~[m[K
[1.210s] In file included from [01m[K/opt/ros/foxy/include/rclcpp/client.hpp:40[m[K,
[1.210s]                  from [01m[K/opt/ros/foxy/include/rclcpp/callback_group.hpp:23[m[K,
[1.210s]                  from [01m[K/opt/ros/foxy/include/rclcpp/any_executable.hpp:20[m[K,
[1.210s]                  from [01m[K/opt/ros/foxy/include/rclcpp/memory_strategy.hpp:24[m[K,
[1.210s]                  from [01m[K/opt/ros/foxy/include/rclcpp/memory_strategies.hpp:18[m[K,
[1.210s]                  from [01m[K/opt/ros/foxy/include/rclcpp/executor_options.hpp:20[m[K,
[1.210s]                  from [01m[K/opt/ros/foxy/include/rclcpp/executor.hpp:33[m[K,
[1.211s]                  from [01m[K/opt/ros/foxy/include/rclcpp/executors/multi_threaded_executor.hpp:26[m[K,
[1.211s]                  from [01m[K/opt/ros/foxy/include/rclcpp/executors.hpp:21[m[K,
[1.211s]                  from [01m[K/opt/ros/foxy/include/rclcpp/rclcpp.hpp:146[m[K,
[1.211s]                  from [01m[K/home/yangcb/Desktop/ROS2_Sample/sample4/src/sample4/src/sample4.cpp:5[m[K:
[1.211s] [01m[K/home/yangcb/Desktop/ROS2_Sample/sample4/src/sample4/src/sample4.cpp:53:23:[m[K [01;31m[Kerror: [m[Kinvalid use of â€˜[01m[Kthis[m[Kâ€™ in non-member function
[1.211s]    53 |    RCLCPP_INFO_STREAM([01;31m[Kthis[m[K->get_logger(), "sub::Addr is: " <<
[1.211s]       |                       [01;31m[K^~~~[m[K
[1.211s] [01m[K/home/yangcb/Desktop/ROS2_Sample/sample4/src/sample4/src/sample4.cpp:53:23:[m[K [01;31m[Kerror: [m[Kinvalid use of â€˜[01m[Kthis[m[Kâ€™ in non-member function
[1.211s]    53 |    RCLCPP_INFO_STREAM([01;31m[Kthis[m[K->get_logger(), "sub::Addr is: " <<
[1.211s]       |                       [01;31m[K^~~~[m[K
[1.212s] [01m[K/home/yangcb/Desktop/ROS2_Sample/sample4/src/sample4/src/sample4.cpp:[m[K At global scope:
[1.212s] [01m[K/home/yangcb/Desktop/ROS2_Sample/sample4/src/sample4/src/sample4.cpp:56:1:[m[K [01;31m[Kerror: [m[Kexpected declaration before â€˜[01m[K}[m[Kâ€™ token
[1.212s]    56 | [01;31m[K}[m[K;
[1.212s]       | [01;31m[K^[m[K
[1.213s] [01m[K/home/yangcb/Desktop/ROS2_Sample/sample4/src/sample4/src/sample4.cpp:[m[K In function â€˜[01m[Kvoid another_executor()[m[Kâ€™:
[1.213s] [01m[K/home/yangcb/Desktop/ROS2_Sample/sample4/src/sample4/src/sample4.cpp:61:24:[m[K [01;31m[Kerror: [m[Kâ€˜[01m[Kmake_shared_ptr[m[Kâ€™ is not a member of â€˜[01m[Kstd[m[Kâ€™; did you mean â€˜[01m[Kmake_shared[m[Kâ€™?
[1.213s]    61 |  auto sub_node_ = std::[01;31m[Kmake_shared_ptr[m[K<SubNode>("topic_sub");
[1.213s]       |                        [01;31m[K^~~~~~~~~~~~~~~[m[K
[1.213s]       |                        [32m[Kmake_shared[m[K
[1.213s] [01m[K/home/yangcb/Desktop/ROS2_Sample/sample4/src/sample4/src/sample4.cpp:61:47:[m[K [01;31m[Kerror: [m[Kexpected primary-expression before â€˜[01m[K>[m[Kâ€™ token
[1.213s]    61 |  auto sub_node_ = std::make_shared_ptr<SubNode[01;31m[K>[m[K("topic_sub");
[1.214s]       |                                               [01;31m[K^[m[K
[1.215s] [01m[K/home/yangcb/Desktop/ROS2_Sample/sample4/src/sample4/src/sample4.cpp:62:21:[m[K [01;31m[Kerror: [m[Kâ€˜[01m[Ksub_node[m[Kâ€™ was not declared in this scope
[1.215s]    62 |  executor_.add_node([01;31m[Ksub_node[m[K);
[1.215s]       |                     [01;31m[K^~~~~~~~[m[K
[1.958s] make[2]: *** [CMakeFiles/sample4.dir/build.make:63: CMakeFiles/sample4.dir/src/sample4.cpp.o] Error 1
[1.958s] make[1]: *** [CMakeFiles/Makefile2:105: CMakeFiles/sample4.dir/all] Error 2
[1.959s] make: *** [Makefile:141: all] Error 2
[1.961s] Invoked command in '/home/yangcb/Desktop/ROS2_Sample/sample4/build/sample4' returned '2': CMAKE_PREFIX_PATH=/opt/ros/foxy /usr/bin/cmake --build /home/yangcb/Desktop/ROS2_Sample/sample4/build/sample4 -- -j2 -l2
