[0.014s] Invoking command in '/home/yangcb/Desktop/ROS2_Sample/sample4/build/sample4': CMAKE_PREFIX_PATH=/opt/ros/foxy /usr/bin/cmake /home/yangcb/Desktop/ROS2_Sample/sample4/src/sample4 -DCMAKE_INSTALL_PREFIX=/home/yangcb/Desktop/ROS2_Sample/sample4/install/sample4
[0.247s] -- The C compiler identification is GNU 9.4.0
[0.412s] -- The CXX compiler identification is GNU 9.4.0
[0.419s] -- Check for working C compiler: /usr/bin/cc
[0.512s] -- Check for working C compiler: /usr/bin/cc -- works
[0.514s] -- Detecting C compiler ABI info
[0.581s] -- Detecting C compiler ABI info - done
[0.590s] -- Detecting C compile features
[0.591s] -- Detecting C compile features - done
[0.594s] -- Check for working CXX compiler: /usr/bin/c++
[0.670s] -- Check for working CXX compiler: /usr/bin/c++ -- works
[0.671s] -- Detecting CXX compiler ABI info
[0.748s] -- Detecting CXX compiler ABI info - done
[0.757s] -- Detecting CXX compile features
[0.758s] -- Detecting CXX compile features - done
[0.766s] -- Found ament_cmake: 0.9.11 (/opt/ros/foxy/share/ament_cmake/cmake)
[0.790s] -- Found PythonInterp: /usr/bin/python3 (found suitable version "3.8.10", minimum required is "3") 
[0.790s] -- Using PYTHON_EXECUTABLE: /usr/bin/python3
[0.975s] -- Found rclcpp: 2.4.2 (/opt/ros/foxy/share/rclcpp/cmake)
[1.022s] -- Using all available rosidl_typesupport_c: rosidl_typesupport_fastrtps_c;rosidl_typesupport_introspection_c
[1.030s] -- Found rosidl_adapter: 1.3.0 (/opt/ros/foxy/share/rosidl_adapter/cmake)
[1.111s] -- Found OpenSSL: /usr/lib/x86_64-linux-gnu/libcrypto.so (found version "1.1.1f")  
[1.136s] -- Found FastRTPS: /opt/ros/foxy/include  
[1.208s] -- Using all available rosidl_typesupport_cpp: rosidl_typesupport_fastrtps_cpp;rosidl_typesupport_introspection_cpp
[1.261s] -- Found rmw_implementation_cmake: 1.0.4 (/opt/ros/foxy/share/rmw_implementation_cmake/cmake)
[1.263s] -- Using RMW implementation 'rmw_fastrtps_cpp' as default
[1.264s] -- Looking for pthread.h
[1.353s] -- Looking for pthread.h - found
[1.353s] -- Performing Test CMAKE_HAVE_LIBC_PTHREAD
[1.428s] -- Performing Test CMAKE_HAVE_LIBC_PTHREAD - Failed
[1.428s] -- Looking for pthread_create in pthreads
[1.487s] -- Looking for pthread_create in pthreads - not found
[1.487s] -- Looking for pthread_create in pthread
[1.555s] -- Looking for pthread_create in pthread - found
[1.556s] -- Found Threads: TRUE  
[1.702s] -- Found ament_lint_auto: 0.9.8 (/opt/ros/foxy/share/ament_lint_auto/cmake)
[1.767s] -- Added test 'copyright' to check source files copyright and LICENSE
[1.768s] -- Added test 'cppcheck' to perform static code analysis on C / C++ code
[1.768s] -- Configured cppcheck include dirs: $<BUILD_INTERFACE:/home/yangcb/Desktop/ROS2_Sample/sample4/src/sample4/include>
[1.768s] -- Configured cppcheck exclude dirs and/or files: 
[1.768s] -- Added test 'cpplint' to check C / C++ code against the Google style
[1.768s] -- Configured cpplint exclude dirs and/or files: 
[1.769s] -- Added test 'lint_cmake' to check CMake code style
[1.770s] -- Added test 'uncrustify' to check C / C++ code style
[1.770s] -- Configured uncrustify additional arguments: 
[1.771s] -- Added test 'xmllint' to check XML markup files
[1.774s] -- Configuring done
[1.782s] -- Generating done
[1.784s] -- Build files have been written to: /home/yangcb/Desktop/ROS2_Sample/sample4/build/sample4
[1.791s] Invoked command in '/home/yangcb/Desktop/ROS2_Sample/sample4/build/sample4' returned '0': CMAKE_PREFIX_PATH=/opt/ros/foxy /usr/bin/cmake /home/yangcb/Desktop/ROS2_Sample/sample4/src/sample4 -DCMAKE_INSTALL_PREFIX=/home/yangcb/Desktop/ROS2_Sample/sample4/install/sample4
[1.794s] Invoking command in '/home/yangcb/Desktop/ROS2_Sample/sample4/build/sample4': CMAKE_PREFIX_PATH=/opt/ros/foxy /usr/bin/cmake --build /home/yangcb/Desktop/ROS2_Sample/sample4/build/sample4 -- -j2 -l2
[1.835s] [35m[1mScanning dependencies of target sample4[0m
[1.934s] [ 50%] [32mBuilding CXX object CMakeFiles/sample4.dir/src/sample4.cpp.o[0m
[3.771s] [01m[K/home/yangcb/Desktop/ROS2_Sample/sample4/src/sample4/src/sample4.cpp:[m[K In constructor â€˜[01m[KPubNode::PubNode(const string&)[m[Kâ€™:
[3.771s] [01m[K/home/yangcb/Desktop/ROS2_Sample/sample4/src/sample4/src/sample4.cpp:12:28:[m[K [01;31m[Kerror: [m[Kâ€˜[01m[KNodeOption[m[Kâ€™ is not a member of â€˜[01m[Krclcpp[m[Kâ€™; did you mean â€˜[01m[KNodeOptions[m[Kâ€™?
[3.771s]    12 |    Node(node_name, rclcpp::[01;31m[KNodeOption[m[K().use_intra_process_commons(true))
[3.771s]       |                            [01;31m[K^~~~~~~~~~[m[K
[3.771s]       |                            [32m[KNodeOptions[m[K
[3.782s] [01m[K/home/yangcb/Desktop/ROS2_Sample/sample4/src/sample4/src/sample4.cpp:[m[K In lambda function:
[3.782s] [01m[K/home/yangcb/Desktop/ROS2_Sample/sample4/src/sample4/src/sample4.cpp:22:23:[m[K [01;31m[Kerror: [m[Kâ€˜[01m[Kbuildin_interfaces[m[Kâ€™ was not declared in this scope; did you mean â€˜[01m[Kbuiltin_interfaces[m[Kâ€™?
[3.782s]    22 |      std::make_unique<[01;31m[Kbuildin_interfaces[m[K::Time>(this->get_clock()->now());
[3.782s]       |                       [01;31m[K^~~~~~~~~~~~~~~~~~[m[K
[3.782s]       |                       [32m[Kbuiltin_interfaces[m[K
[3.782s] [01m[K/home/yangcb/Desktop/ROS2_Sample/sample4/src/sample4/src/sample4.cpp:22:11:[m[K [01;31m[Kerror: [m[Kparse error in template argument list
[3.783s]    22 |      std::[01;31m[Kmake_unique<buildin_interfaces::Time>[m[K(this->get_clock()->now());
[3.783s]       |           [01;31m[K^~~~~~~~~~~~~~~~~~~~~~~~~~~~~~~~~~~~~[m[K
[3.783s] [01m[K/home/yangcb/Desktop/ROS2_Sample/sample4/src/sample4/src/sample4.cpp:22:73:[m[K [01;31m[Kerror: [m[Kno matching function for call to â€˜[01m[Kmake_unique<<expression error> >(rclcpp::Time)[m[Kâ€™
[3.783s]    22 |      std::make_unique<buildin_interfaces::Time>(this->get_clock()->now()[01;31m[K)[m[K;
[3.783s]       |                                                                         [01;31m[K^[m[K
[3.783s] In file included from [01m[K/usr/include/c++/9/memory:80[m[K,
[3.783s]                  from [01m[K/home/yangcb/Desktop/ROS2_Sample/sample4/src/sample4/src/sample4.cpp:2[m[K:
[3.783s] [01m[K/usr/include/c++/9/bits/unique_ptr.h:856:5:[m[K [01;36m[Knote: [m[Kcandidate: â€˜[01m[Ktemplate<class _Tp, class ... _Args> typename std::_MakeUniq<_Tp>::__single_object std::make_unique(_Args&& ...)[m[Kâ€™
[3.783s]   856 |     [01;36m[Kmake_unique[m[K(_Args&&... __args)
[3.783s]       |     [01;36m[K^~~~~~~~~~~[m[K
[3.784s] [01m[K/usr/include/c++/9/bits/unique_ptr.h:856:5:[m[K [01;36m[Knote: [m[K  template argument deduction/substitution failed:
[3.784s] [01m[K/home/yangcb/Desktop/ROS2_Sample/sample4/src/sample4/src/sample4.cpp:22:73:[m[K [01;31m[Kerror: [m[Ktemplate argument 1 is invalid
[3.784s]    22 |      std::make_unique<buildin_interfaces::Time>(this->get_clock()->now()[01;31m[K)[m[K;
[3.784s]       |                                                                         [01;31m[K^[m[K
[3.784s] In file included from [01m[K/usr/include/c++/9/memory:80[m[K,
[3.784s]                  from [01m[K/home/yangcb/Desktop/ROS2_Sample/sample4/src/sample4/src/sample4.cpp:2[m[K:
[3.784s] [01m[K/usr/include/c++/9/bits/unique_ptr.h:862:5:[m[K [01;36m[Knote: [m[Kcandidate: â€˜[01m[Ktemplate<class _Tp> typename std::_MakeUniq<_Tp>::__array std::make_unique(std::size_t)[m[Kâ€™
[3.784s]   862 |     [01;36m[Kmake_unique[m[K(size_t __num)
[3.784s]       |     [01;36m[K^~~~~~~~~~~[m[K
[3.784s] [01m[K/usr/include/c++/9/bits/unique_ptr.h:862:5:[m[K [01;36m[Knote: [m[K  template argument deduction/substitution failed:
[3.784s] [01m[K/home/yangcb/Desktop/ROS2_Sample/sample4/src/sample4/src/sample4.cpp:22:73:[m[K [01;31m[Kerror: [m[Ktemplate argument 1 is invalid
[3.784s]    22 |      std::make_unique<buildin_interfaces::Time>(this->get_clock()->now()[01;31m[K)[m[K;
[3.784s]       |                                                                         [01;31m[K^[m[K
[3.785s] In file included from [01m[K/usr/include/c++/9/memory:80[m[K,
[3.785s]                  from [01m[K/home/yangcb/Desktop/ROS2_Sample/sample4/src/sample4/src/sample4.cpp:2[m[K:
[3.785s] [01m[K/usr/include/c++/9/bits/unique_ptr.h:868:5:[m[K [01;36m[Knote: [m[Kcandidate: â€˜[01m[Ktemplate<class _Tp, class ... _Args> typename std::_MakeUniq<_Tp>::__invalid_type std::make_unique(_Args&& ...)[m[Kâ€™ <deleted>
[3.785s]   868 |     [01;36m[Kmake_unique[m[K(_Args&&...) = delete;
[3.785s]       |     [01;36m[K^~~~~~~~~~~[m[K
[3.785s] [01m[K/usr/include/c++/9/bits/unique_ptr.h:868:5:[m[K [01;36m[Knote: [m[K  template argument deduction/substitution failed:
[3.785s] [01m[K/home/yangcb/Desktop/ROS2_Sample/sample4/src/sample4/src/sample4.cpp:22:73:[m[K [01;31m[Kerror: [m[Ktemplate argument 1 is invalid
[3.785s]    22 |      std::make_unique<buildin_interfaces::Time>(this->get_clock()->now()[01;31m[K)[m[K;
[3.785s]       |                                                                         [01;31m[K^[m[K
[3.785s] In file included from [01m[K/opt/ros/foxy/include/rclcpp/client.hpp:40[m[K,
[3.785s]                  from [01m[K/opt/ros/foxy/include/rclcpp/callback_group.hpp:23[m[K,
[3.785s]                  from [01m[K/opt/ros/foxy/include/rclcpp/any_executable.hpp:20[m[K,
[3.785s]                  from [01m[K/opt/ros/foxy/include/rclcpp/memory_strategy.hpp:24[m[K,
[3.785s]                  from [01m[K/opt/ros/foxy/include/rclcpp/memory_strategies.hpp:18[m[K,
[3.785s]                  from [01m[K/opt/ros/foxy/include/rclcpp/executor_options.hpp:20[m[K,
[3.785s]                  from [01m[K/opt/ros/foxy/include/rclcpp/executor.hpp:33[m[K,
[3.785s]                  from [01m[K/opt/ros/foxy/include/rclcpp/executors/multi_threaded_executor.hpp:26[m[K,
[3.785s]                  from [01m[K/opt/ros/foxy/include/rclcpp/executors.hpp:21[m[K,
[3.786s]                  from [01m[K/opt/ros/foxy/include/rclcpp/rclcpp.hpp:146[m[K,
[3.786s]                  from [01m[K/home/yangcb/Desktop/ROS2_Sample/sample4/src/sample4/src/sample4.cpp:5[m[K:
[3.786s] [01m[K/home/yangcb/Desktop/ROS2_Sample/sample4/src/sample4/src/sample4.cpp:23:77:[m[K [01;31m[Kerror: [m[Kâ€˜[01m[Kunitptr_t[m[Kâ€™ in namespace â€˜[01m[Kstd[m[Kâ€™ does not name a type; did you mean â€˜[01m[Knullptr_t[m[Kâ€™?
[3.786s]    23 |     RCLCPP_INFO(this->get_logger(), "pub:Addr is:" << reinterpret_cast<std::[01;31m[Kunitptr_t[m[K>(timestamp_.get()));
[3.786s]       |                                                                             [01;31m[K^~~~~~~~~[m[K
[3.786s] [01m[K/home/yangcb/Desktop/ROS2_Sample/sample4/src/sample4/src/sample4.cpp:24:35:[m[K [01;31m[Kerror: [m[Kâ€˜[01m[Ktimestamp[m[Kâ€™ was not declared in this scope; did you mean â€˜[01m[Ktimestamp_[m[Kâ€™?
[3.786s]    24 |     publisher_->publish(std::move([01;31m[Ktimestamp[m[K));
[3.786s]       |                                   [01;31m[K^~~~~~~~~[m[K
[3.786s]       |                                   [32m[Ktimestamp_[m[K
[3.794s] [01m[K/home/yangcb/Desktop/ROS2_Sample/sample4/src/sample4/src/sample4.cpp:[m[K At global scope:
[3.794s] [01m[K/home/yangcb/Desktop/ROS2_Sample/sample4/src/sample4/src/sample4.cpp:36:25:[m[K [01;31m[Kerror: [m[Kexpected class-name before â€˜[01m[Krclcpp[m[Kâ€™
[3.794s]    36 | class SubNode : publish [01;31m[Krclcpp[m[K::Node
[3.794s]       |                         [01;31m[K^~~~~~[m[K
[3.794s] [01m[K/home/yangcb/Desktop/ROS2_Sample/sample4/src/sample4/src/sample4.cpp:36:25:[m[K [01;31m[Kerror: [m[Kexpected â€˜[01m[K{[m[Kâ€™ before â€˜[01m[Krclcpp[m[Kâ€™
[3.794s] [01m[K/home/yangcb/Desktop/ROS2_Sample/sample4/src/sample4/src/sample4.cpp:38:2:[m[K [01;31m[Kerror: [m[Kexpected primary-expression before â€˜[01m[Kpublic[m[Kâ€™
[3.794s]    38 |  [01;31m[Kpublic[m[K:
[3.794s]       |  [01;31m[K^~~~~~[m[K
[3.794s] [01m[K/home/yangcb/Desktop/ROS2_Sample/sample4/src/sample4/src/sample4.cpp:38:2:[m[K [01;31m[Kerror: [m[Kexpected â€˜[01m[K}[m[Kâ€™ before â€˜[01m[Kpublic[m[Kâ€™
[3.794s] [01m[K/home/yangcb/Desktop/ROS2_Sample/sample4/src/sample4/src/sample4.cpp:37:1:[m[K [01;36m[Knote: [m[Kto match this â€˜[01m[K{[m[Kâ€™
[3.794s]    37 | [01;36m[K{[m[K
[3.794s]       | [01;36m[K^[m[K
[3.794s] [01m[K/home/yangcb/Desktop/ROS2_Sample/sample4/src/sample4/src/sample4.cpp:48:2:[m[K [01;31m[Kerror: [m[Kexpected unqualified-id before â€˜[01m[Kprivate[m[Kâ€™
[3.794s]    48 |  [01;31m[Kprivate[m[K:
[3.795s]       |  [01;31m[K^~~~~~~[m[K
[3.795s] In file included from [01m[K/opt/ros/foxy/include/rclcpp/service.hpp:34[m[K,
[3.795s]                  from [01m[K/opt/ros/foxy/include/rclcpp/callback_group.hpp:25[m[K,
[3.795s]                  from [01m[K/opt/ros/foxy/include/rclcpp/any_executable.hpp:20[m[K,
[3.795s]                  from [01m[K/opt/ros/foxy/include/rclcpp/memory_strategy.hpp:24[m[K,
[3.795s]                  from [01m[K/opt/ros/foxy/include/rclcpp/memory_strategies.hpp:18[m[K,
[3.795s]                  from [01m[K/opt/ros/foxy/include/rclcpp/executor_options.hpp:20[m[K,
[3.795s]                  from [01m[K/opt/ros/foxy/include/rclcpp/executor.hpp:33[m[K,
[3.795s]                  from [01m[K/opt/ros/foxy/include/rclcpp/executors/multi_threaded_executor.hpp:26[m[K,
[3.795s]                  from [01m[K/opt/ros/foxy/include/rclcpp/executors.hpp:21[m[K,
[3.795s]                  from [01m[K/opt/ros/foxy/include/rclcpp/rclcpp.hpp:146[m[K,
[3.795s]                  from [01m[K/home/yangcb/Desktop/ROS2_Sample/sample4/src/sample4/src/sample4.cpp:5[m[K:
[3.796s] [01m[K/home/yangcb/Desktop/ROS2_Sample/sample4/src/sample4/src/sample4.cpp:[m[K In function â€˜[01m[Kvoid count_sub_callback(builtin_interfaces::msg::Time_<std::allocator<void> >::UniquePtr)[m[Kâ€™:
[3.796s] [01m[K/home/yangcb/Desktop/ROS2_Sample/sample4/src/sample4/src/sample4.cpp:52:23:[m[K [01;31m[Kerror: [m[Kinvalid use of â€˜[01m[Kthis[m[Kâ€™ in non-member function
[3.796s]    52 |    RCLCPP_INFO_STREAM([01;31m[Kthis[m[K->get_logger(), "sub::Addr is: " <<
[3.796s]       |                       [01;31m[K^~~~[m[K
[3.796s] [01m[K/home/yangcb/Desktop/ROS2_Sample/sample4/src/sample4/src/sample4.cpp:52:23:[m[K [01;31m[Kerror: [m[Kinvalid use of â€˜[01m[Kthis[m[Kâ€™ in non-member function
[3.796s] [01m[K/home/yangcb/Desktop/ROS2_Sample/sample4/src/sample4/src/sample4.cpp:52:4:[m[K [01;31m[Kerror: [m[Ktemplate argument 1 is invalid
[3.796s]    52 |    [01;31m[KRCLCPP_INFO_STREAM[m[K(this->get_logger(), "sub::Addr is: " <<
[3.796s]       |    [01;31m[K^~~~~~~~~~~~~~~~~~[m[K
[3.796s] [01m[K/home/yangcb/Desktop/ROS2_Sample/sample4/src/sample4/src/sample4.cpp:52:4:[m[K [01;31m[Kerror: [m[Ktemplate argument 1 is invalid
[3.796s]    52 |    [01;31m[KRCLCPP_INFO_STREAM[m[K(this->get_logger(), "sub::Addr is: " <<
[3.796s]       |    [01;31m[K^~~~~~~~~~~~~~~~~~[m[K
[3.796s] [01m[K/home/yangcb/Desktop/ROS2_Sample/sample4/src/sample4/src/sample4.cpp:52:4:[m[K [01;31m[Kerror: [m[Ktemplate argument 1 is invalid
[3.796s]    52 |    [01;31m[KRCLCPP_INFO_STREAM[m[K(this->get_logger(), "sub::Addr is: " <<
[3.796s]       |    [01;31m[K^~~~~~~~~~~~~~~~~~[m[K
[3.796s] [01m[K/home/yangcb/Desktop/ROS2_Sample/sample4/src/sample4/src/sample4.cpp:53:28:[m[K [01;31m[Kerror: [m[Kâ€˜[01m[Kunitptr_t[m[Kâ€™ in namespace â€˜[01m[Kstd[m[Kâ€™ does not name a type; did you mean â€˜[01m[Knullptr_t[m[Kâ€™?
[3.797s]    53 |      reinterpret_cast<std::[01;31m[Kunitptr_t[m[K>(msg.get()));
[3.797s]       |                            [01;31m[K^~~~~~~~~[m[K
[3.797s] In file included from [01m[K/opt/ros/foxy/include/rclcpp/client.hpp:40[m[K,
[3.797s]                  from [01m[K/opt/ros/foxy/include/rclcpp/callback_group.hpp:23[m[K,
[3.797s]                  from [01m[K/opt/ros/foxy/include/rclcpp/any_executable.hpp:20[m[K,
[3.797s]                  from [01m[K/opt/ros/foxy/include/rclcpp/memory_strategy.hpp:24[m[K,
[3.797s]                  from [01m[K/opt/ros/foxy/include/rclcpp/memory_strategies.hpp:18[m[K,
[3.797s]                  from [01m[K/opt/ros/foxy/include/rclcpp/executor_options.hpp:20[m[K,
[3.797s]                  from [01m[K/opt/ros/foxy/include/rclcpp/executor.hpp:33[m[K,
[3.797s]                  from [01m[K/opt/ros/foxy/include/rclcpp/executors/multi_threaded_executor.hpp:26[m[K,
[3.797s]                  from [01m[K/opt/ros/foxy/include/rclcpp/executors.hpp:21[m[K,
[3.797s]                  from [01m[K/opt/ros/foxy/include/rclcpp/rclcpp.hpp:146[m[K,
[3.797s]                  from [01m[K/home/yangcb/Desktop/ROS2_Sample/sample4/src/sample4/src/sample4.cpp:5[m[K:
[3.797s] [01m[K/home/yangcb/Desktop/ROS2_Sample/sample4/src/sample4/src/sample4.cpp:52:23:[m[K [01;31m[Kerror: [m[Kinvalid use of â€˜[01m[Kthis[m[Kâ€™ in non-member function
[3.797s]    52 |    RCLCPP_INFO_STREAM([01;31m[Kthis[m[K->get_logger(), "sub::Addr is: " <<
[3.797s]       |                       [01;31m[K^~~~[m[K
[3.798s] [01m[K/home/yangcb/Desktop/ROS2_Sample/sample4/src/sample4/src/sample4.cpp:52:23:[m[K [01;31m[Kerror: [m[Kinvalid use of â€˜[01m[Kthis[m[Kâ€™ in non-member function
[3.798s]    52 |    RCLCPP_INFO_STREAM([01;31m[Kthis[m[K->get_logger(), "sub::Addr is: " <<
[3.798s]       |                       [01;31m[K^~~~[m[K
[3.798s] [01m[K/home/yangcb/Desktop/ROS2_Sample/sample4/src/sample4/src/sample4.cpp:[m[K At global scope:
[3.798s] [01m[K/home/yangcb/Desktop/ROS2_Sample/sample4/src/sample4/src/sample4.cpp:55:1:[m[K [01;31m[Kerror: [m[Kexpected declaration before â€˜[01m[K}[m[Kâ€™ token
[3.798s]    55 | [01;31m[K}[m[K;
[3.798s]       | [01;31m[K^[m[K
[3.798s] [01m[K/home/yangcb/Desktop/ROS2_Sample/sample4/src/sample4/src/sample4.cpp:[m[K In function â€˜[01m[Kvoid another_executor()[m[Kâ€™:
[3.798s] [01m[K/home/yangcb/Desktop/ROS2_Sample/sample4/src/sample4/src/sample4.cpp:60:24:[m[K [01;31m[Kerror: [m[Kâ€˜[01m[Kmake_shared_ptr[m[Kâ€™ is not a member of â€˜[01m[Kstd[m[Kâ€™; did you mean â€˜[01m[Kmake_shared[m[Kâ€™?
[3.798s]    60 |  auto sub_node_ = std::[01;31m[Kmake_shared_ptr[m[K<SubNode>("topic_sub");
[3.798s]       |                        [01;31m[K^~~~~~~~~~~~~~~[m[K
[3.798s]       |                        [32m[Kmake_shared[m[K
[3.798s] [01m[K/home/yangcb/Desktop/ROS2_Sample/sample4/src/sample4/src/sample4.cpp:60:47:[m[K [01;31m[Kerror: [m[Kexpected primary-expression before â€˜[01m[K>[m[Kâ€™ token
[3.798s]    60 |  auto sub_node_ = std::make_shared_ptr<SubNode[01;31m[K>[m[K("topic_sub");
[3.798s]       |                                               [01;31m[K^[m[K
[3.798s] [01m[K/home/yangcb/Desktop/ROS2_Sample/sample4/src/sample4/src/sample4.cpp:61:21:[m[K [01;31m[Kerror: [m[Kâ€˜[01m[Ksub_node[m[Kâ€™ was not declared in this scope
[3.798s]    61 |  executor_.add_node([01;31m[Ksub_node[m[K);
[3.798s]       |                     [01;31m[K^~~~~~~~[m[K
[4.768s] make[2]: *** [CMakeFiles/sample4.dir/build.make:63: CMakeFiles/sample4.dir/src/sample4.cpp.o] Error 1
[4.768s] make[1]: *** [CMakeFiles/Makefile2:105: CMakeFiles/sample4.dir/all] Error 2
[4.768s] make: *** [Makefile:141: all] Error 2
[4.770s] Invoked command in '/home/yangcb/Desktop/ROS2_Sample/sample4/build/sample4' returned '2': CMAKE_PREFIX_PATH=/opt/ros/foxy /usr/bin/cmake --build /home/yangcb/Desktop/ROS2_Sample/sample4/build/sample4 -- -j2 -l2
