[01m[K/home/yangcb/Desktop/ROS2_Sample/sample4/src/sample4/src/sample4.cpp:[m[K In function â€˜[01m[Kvoid another_executor()[m[Kâ€™:
[01m[K/home/yangcb/Desktop/ROS2_Sample/sample4/src/sample4/src/sample4.cpp:62:21:[m[K [01;31m[Kerror: [m[Kâ€˜[01m[Ksub_node[m[Kâ€™ was not declared in this scope; did you mean â€˜[01m[Ksub_node_[m[Kâ€™?
   62 |  executor_.add_node([01;31m[Ksub_node[m[K);
      |                     [01;31m[K^~~~~~~~[m[K
      |                     [32m[Ksub_node_[m[K
make[2]: *** [CMakeFiles/sample4.dir/build.make:63: CMakeFiles/sample4.dir/src/sample4.cpp.o] Error 1
make[1]: *** [CMakeFiles/Makefile2:105: CMakeFiles/sample4.dir/all] Error 2
make: *** [Makefile:141: all] Error 2
