[01m[K/home/yangcb/Desktop/ROS2_Sample/sample3/src/sample3/src/thread_sample.cpp:[m[K In constructor â€˜[01m[KThreadSample::ThreadSample(const string&)[m[Kâ€™:
[01m[K/home/yangcb/Desktop/ROS2_Sample/sample3/src/sample3/src/thread_sample.cpp:18:41:[m[K [01;31m[Kerror: [m[Kunable to find numeric literal operator â€˜[01m[Koperator""ms[m[Kâ€™
   18 |  print_timer_ = this->create_wall_timer([01;31m[K500ms[m[K, printtimer_callback);
      |                                         [01;31m[K^~~~~[m[K
[01m[K/home/yangcb/Desktop/ROS2_Sample/sample3/src/sample3/src/main.cpp:[m[K In function â€˜[01m[Kint main(int, char**)[m[Kâ€™:
[01m[K/home/yangcb/Desktop/ROS2_Sample/sample3/src/sample3/src/main.cpp:24:40:[m[K [01;31m[Kerror: [m[Kexpected type-specifier
   24 |   std::string multi_flag = static_cast<[01;31m[Kstd[m[K:::string>(argv[2]);
      |                                        [01;31m[K^~~[m[K
[01m[K/home/yangcb/Desktop/ROS2_Sample/sample3/src/sample3/src/main.cpp:24:40:[m[K [01;31m[Kerror: [m[Kexpected â€˜[01m[K>[m[Kâ€™
[01m[K/home/yangcb/Desktop/ROS2_Sample/sample3/src/sample3/src/main.cpp:24:40:[m[K [01;31m[Kerror: [m[Kexpected â€˜[01m[K([m[Kâ€™
   24 |   std::string multi_flag = static_cast<[01;31m[Ks[m[K[32m[Ktd[m[K:::string>(argv[2]);
      |                                        [01;31m[K^[m[K[32m[K~~[m[K
      |                                        [32m[K([m[K
[01m[K/home/yangcb/Desktop/ROS2_Sample/sample3/src/sample3/src/main.cpp:24:45:[m[K [01;31m[Kerror: [m[Kexpected unqualified-id before â€˜[01m[K:[m[Kâ€™ token
   24 |   std::string multi_flag = static_cast<std::[01;31m[K:[m[Kstring>(argv[2]);
      |                                             [01;31m[K^[m[K
[01m[K/home/yangcb/Desktop/ROS2_Sample/sample3/src/sample3/src/main.cpp:24:43:[m[K [01;31m[Kerror: [m[Kexpected â€˜[01m[K)[m[Kâ€™ before â€˜[01m[K:[m[Kâ€™ token
   24 |   std::string multi_flag = static_cast<std[01;31m[K:[m[K:[32m[K:[m[Kstring>(argv[2]);
      |                                           [01;31m[K^[m[K [32m[K~[m[K
      |                                           [32m[K)[m[K
[01m[K/home/yangcb/Desktop/ROS2_Sample/sample3/src/sample3/src/main.cpp:43:30:[m[K [01;31m[Kerror: [m[Kexpected â€˜[01m[K;[m[Kâ€™ before â€˜[01m[K)[m[Kâ€™ token
   43 |  for (int i = node_count; i--[01;31m[K)[m[K{
      |                              [01;31m[K^[m[K
      |                              [32m[K;[m[K
[01m[K/home/yangcb/Desktop/ROS2_Sample/sample3/src/sample3/src/main.cpp:53:4:[m[K [01;31m[Kerror: [m[Kâ€˜[01m[Kexecutoro_s[m[Kâ€™ was not declared in this scope; did you mean â€˜[01m[Kexecutor_s[m[Kâ€™?
   53 |    [01;31m[Kexecutoro_s[m[K.add_node(node_vector.back()->get_node-base_interface());
      |    [01;31m[K^~~~~~~~~~~[m[K
      |    [32m[Kexecutor_s[m[K
[01m[K/home/yangcb/Desktop/ROS2_Sample/sample3/src/sample3/src/main.cpp:53:45:[m[K [01;31m[Kerror: [m[Kâ€˜[01m[Kusing element_type = class ThreadSample[m[Kâ€™ {aka â€˜[01m[Kclass ThreadSample[m[Kâ€™} has no member named â€˜[01m[Kget_node[m[Kâ€™; did you mean â€˜[01m[Kget_name[m[Kâ€™?
   53 |    executoro_s.add_node(node_vector.back()->[01;31m[Kget_node[m[K-base_interface());
      |                                             [01;31m[K^~~~~~~~[m[K
      |                                             [32m[Kget_name[m[K
[01m[K/home/yangcb/Desktop/ROS2_Sample/sample3/src/sample3/src/main.cpp:53:54:[m[K [01;31m[Kerror: [m[Kâ€˜[01m[Kbase_interface[m[Kâ€™ was not declared in this scope
   53 |    executoro_s.add_node(node_vector.back()->get_node-[01;31m[Kbase_interface[m[K());
      |                                                      [01;31m[K^~~~~~~~~~~~~~[m[K
make[2]: *** [CMakeFiles/sample3.dir/build.make:76: CMakeFiles/sample3.dir/src/thread_sample.cpp.o] Error 1
make[2]: *** Waiting for unfinished jobs....
make[2]: *** [CMakeFiles/sample3.dir/build.make:63: CMakeFiles/sample3.dir/src/main.cpp.o] Error 1
make[1]: *** [CMakeFiles/Makefile2:78: CMakeFiles/sample3.dir/all] Error 2
make: *** [Makefile:141: all] Error 2
