[0.000000] (-) TimerEvent: {}
[0.000124] (shm_test) JobQueued: {'identifier': 'shm_test', 'dependencies': OrderedDict()}
[0.000156] (shm_test) JobStarted: {'identifier': 'shm_test'}
[0.014965] (shm_test) JobProgress: {'identifier': 'shm_test', 'progress': 'cmake'}
[0.015819] (shm_test) JobProgress: {'identifier': 'shm_test', 'progress': 'build'}
[0.016769] (shm_test) Command: {'cmd': ['/usr/bin/cmake', '--build', '/home/yangcb/Desktop/ROS2_Sample/shm_sample/build/shm_test', '--', '-j2', '-l2'], 'cwd': '/home/yangcb/Desktop/ROS2_Sample/shm_sample/build/shm_test', 'env': OrderedDict([('LESSOPEN', '| /usr/bin/lesspipe %s'), ('USER', 'yangcb'), ('SSH_CLIENT', '192.168.31.1 54094 22'), ('LC_TIME', 'zh_CN.UTF-8'), ('XDG_SESSION_TYPE', 'tty'), ('SHLVL', '1'), ('LD_LIBRARY_PATH', '/opt/ros/foxy/opt/yaml_cpp_vendor/lib:/opt/ros/foxy/opt/rviz_ogre_vendor/lib:/opt/ros/foxy/lib/x86_64-linux-gnu:/opt/ros/foxy/lib'), ('MOTD_SHOWN', 'pam'), ('HOME', '/home/yangcb'), ('OLDPWD', '/home/yangcb/Desktop/ROS2_Sample/shm_sample/shm_test'), ('SSH_TTY', '/dev/pts/1'), ('ROS_PYTHON_VERSION', '3'), ('LC_MONETARY', 'zh_CN.UTF-8'), ('DBUS_SESSION_BUS_ADDRESS', 'unix:path=/run/user/1000/bus'), ('COLCON_PREFIX_PATH', '/home/yangcb/Desktop/ROS2_Sample/shm_sample/install'), ('ROS_DISTRO', 'foxy'), ('LOGNAME', 'yangcb'), ('_', '/usr/bin/colcon'), ('ROS_VERSION', '2'), ('XDG_SESSION_CLASS', 'user'), ('TERM', 'xterm'), ('XDG_SESSION_ID', '37'), ('ROS_LOCALHOST_ONLY', '0'), ('PATH', '/opt/ros/foxy/bin:/usr/local/sbin:/usr/local/bin:/usr/sbin:/usr/bin:/sbin:/bin:/usr/games:/usr/local/games:/snap/bin'), ('LC_ADDRESS', 'zh_CN.UTF-8'), ('XDG_RUNTIME_DIR', '/run/user/1000'), ('DISPLAY', 'localhost:10.0'), ('LANG', 'en_US.UTF-8'), ('LC_TELEPHONE', 'zh_CN.UTF-8'), ('LS_COLORS', 'rs=0:di=01;34:ln=01;36:mh=00:pi=40;33:so=01;35:do=01;35:bd=40;33;01:cd=40;33;01:or=40;31;01:mi=00:su=37;41:sg=30;43:ca=30;41:tw=30;42:ow=34;42:st=37;44:ex=01;32:*.tar=01;31:*.tgz=01;31:*.arc=01;31:*.arj=01;31:*.taz=01;31:*.lha=01;31:*.lz4=01;31:*.lzh=01;31:*.lzma=01;31:*.tlz=01;31:*.txz=01;31:*.tzo=01;31:*.t7z=01;31:*.zip=01;31:*.z=01;31:*.dz=01;31:*.gz=01;31:*.lrz=01;31:*.lz=01;31:*.lzo=01;31:*.xz=01;31:*.zst=01;31:*.tzst=01;31:*.bz2=01;31:*.bz=01;31:*.tbz=01;31:*.tbz2=01;31:*.tz=01;31:*.deb=01;31:*.rpm=01;31:*.jar=01;31:*.war=01;31:*.ear=01;31:*.sar=01;31:*.rar=01;31:*.alz=01;31:*.ace=01;31:*.zoo=01;31:*.cpio=01;31:*.7z=01;31:*.rz=01;31:*.cab=01;31:*.wim=01;31:*.swm=01;31:*.dwm=01;31:*.esd=01;31:*.jpg=01;35:*.jpeg=01;35:*.mjpg=01;35:*.mjpeg=01;35:*.gif=01;35:*.bmp=01;35:*.pbm=01;35:*.pgm=01;35:*.ppm=01;35:*.tga=01;35:*.xbm=01;35:*.xpm=01;35:*.tif=01;35:*.tiff=01;35:*.png=01;35:*.svg=01;35:*.svgz=01;35:*.mng=01;35:*.pcx=01;35:*.mov=01;35:*.mpg=01;35:*.mpeg=01;35:*.m2v=01;35:*.mkv=01;35:*.webm=01;35:*.ogm=01;35:*.mp4=01;35:*.m4v=01;35:*.mp4v=01;35:*.vob=01;35:*.qt=01;35:*.nuv=01;35:*.wmv=01;35:*.asf=01;35:*.rm=01;35:*.rmvb=01;35:*.flc=01;35:*.avi=01;35:*.fli=01;35:*.flv=01;35:*.gl=01;35:*.dl=01;35:*.xcf=01;35:*.xwd=01;35:*.yuv=01;35:*.cgm=01;35:*.emf=01;35:*.ogv=01;35:*.ogx=01;35:*.aac=00;36:*.au=00;36:*.flac=00;36:*.m4a=00;36:*.mid=00;36:*.midi=00;36:*.mka=00;36:*.mp3=00;36:*.mpc=00;36:*.ogg=00;36:*.ra=00;36:*.wav=00;36:*.oga=00;36:*.opus=00;36:*.spx=00;36:*.xspf=00;36:'), ('AMENT_PREFIX_PATH', '/home/yangcb/Desktop/ROS2_Sample/shm_sample/install/shm_test:/opt/ros/foxy'), ('SHELL', '/bin/bash'), ('LC_NAME', 'zh_CN.UTF-8'), ('LESSCLOSE', '/usr/bin/lesspipe %s %s'), ('LC_MEASUREMENT', 'zh_CN.UTF-8'), ('LC_IDENTIFICATION', 'zh_CN.UTF-8'), ('PWD', '/home/yangcb/Desktop/ROS2_Sample/shm_sample/build/shm_test'), ('SSH_CONNECTION', '192.168.31.1 54094 192.168.31.129 22'), ('XDG_DATA_DIRS', '/usr/local/share:/usr/share:/var/lib/snapd/desktop'), ('PYTHONPATH', '/opt/ros/foxy/lib/python3.8/site-packages'), ('LC_NUMERIC', 'zh_CN.UTF-8'), ('LC_PAPER', 'zh_CN.UTF-8'), ('COLCON', '1'), ('CMAKE_PREFIX_PATH', '/home/yangcb/Desktop/ROS2_Sample/shm_sample/install/shm_test:/opt/ros/foxy')]), 'shell': False}
[0.097477] (shm_test) StdoutLine: {'line': b'\x1b[35m\x1b[1mScanning dependencies of target shm_test\x1b[0m\n'}
[0.098992] (-) TimerEvent: {}
[0.135094] (shm_test) StdoutLine: {'line': b'[ 50%] \x1b[32mBuilding CXX object CMakeFiles/shm_test.dir/src/shm_test.cpp.o\x1b[0m\n'}
[0.199346] (-) TimerEvent: {}
[0.300039] (-) TimerEvent: {}
[0.400713] (-) TimerEvent: {}
[0.501173] (-) TimerEvent: {}
[0.601558] (-) TimerEvent: {}
[0.702017] (-) TimerEvent: {}
[0.802478] (-) TimerEvent: {}
[0.903169] (-) TimerEvent: {}
[1.003489] (-) TimerEvent: {}
[1.103987] (-) TimerEvent: {}
[1.204685] (-) TimerEvent: {}
[1.305378] (-) TimerEvent: {}
[1.406077] (-) TimerEvent: {}
[1.506574] (-) TimerEvent: {}
[1.606941] (-) TimerEvent: {}
[1.635270] (shm_test) StderrLine: {'line': b'\x1b[01m\x1b[K/home/yangcb/Desktop/ROS2_Sample/shm_sample/shm_test/src/shm_test.cpp:\x1b[m\x1b[K In function \xe2\x80\x98\x1b[01m\x1b[Kint main(int, char**)\x1b[m\x1b[K\xe2\x80\x99:\n'}
[1.635496] (shm_test) StderrLine: {'line': b'\x1b[01m\x1b[K/home/yangcb/Desktop/ROS2_Sample/shm_sample/shm_test/src/shm_test.cpp:40:3:\x1b[m\x1b[K \x1b[01;31m\x1b[Kerror: \x1b[m\x1b[K\xe2\x80\x98\x1b[01m\x1b[Kexecutor_spin\x1b[m\x1b[K\xe2\x80\x99 was not declared in this scope; did you mean \xe2\x80\x98\x1b[01m\x1b[Kexecutor_\x1b[m\x1b[K\xe2\x80\x99?\n'}
[1.635571] (shm_test) StderrLine: {'line': b'   40 |   \x1b[01;31m\x1b[Kexecutor_spin\x1b[m\x1b[K();\n'}
[1.635633] (shm_test) StderrLine: {'line': b'      |   \x1b[01;31m\x1b[K^~~~~~~~~~~~~\x1b[m\x1b[K\n'}
[1.635722] (shm_test) StderrLine: {'line': b'      |   \x1b[32m\x1b[Kexecutor_\x1b[m\x1b[K\n'}
[1.707175] (-) TimerEvent: {}
[1.807815] (-) TimerEvent: {}
[1.908364] (-) TimerEvent: {}
[2.008888] (-) TimerEvent: {}
[2.109377] (-) TimerEvent: {}
[2.209962] (-) TimerEvent: {}
[2.310268] (-) TimerEvent: {}
[2.410825] (-) TimerEvent: {}
[2.511180] (-) TimerEvent: {}
[2.611739] (-) TimerEvent: {}
[2.655061] (shm_test) StderrLine: {'line': b'make[2]: *** [CMakeFiles/shm_test.dir/build.make:63: CMakeFiles/shm_test.dir/src/shm_test.cpp.o] Error 1\n'}
[2.660428] (shm_test) StderrLine: {'line': b'make[1]: *** [CMakeFiles/Makefile2:78: CMakeFiles/shm_test.dir/all] Error 2\n'}
[2.660839] (shm_test) StderrLine: {'line': b'make: *** [Makefile:141: all] Error 2\n'}
[2.660994] (shm_test) CommandEnded: {'returncode': 2}
[2.712984] (-) TimerEvent: {}
[2.718222] (shm_test) JobEnded: {'identifier': 'shm_test', 'rc': 2}
[2.728754] (-) EventReactorShutdown: {}
