[01m[K/home/yangcb/Desktop/ROS2_Sample/sample3/src/sample3/src/main.cpp:[m[K In function â€˜[01m[Kint main(int, char**)[m[Kâ€™:
[01m[K/home/yangcb/Desktop/ROS2_Sample/sample3/src/sample3/src/main.cpp:15:21:[m[K [01;31m[Kerror: [m[Kâ€˜[01m[KSingleThreadExecutor[m[Kâ€™ is not a member of â€˜[01m[Krclcpp::executors[m[Kâ€™; did you mean â€˜[01m[KSingleThreadedExecutor[m[Kâ€™?
   15 |  rclcpp::executors::[01;31m[KSingleThreadExecutor[m[K executor_s;
      |                     [01;31m[K^~~~~~~~~~~~~~~~~~~~[m[K
      |                     [32m[KSingleThreadedExecutor[m[K
[01m[K/home/yangcb/Desktop/ROS2_Sample/sample3/src/sample3/src/thread_sample.cpp:9:1:[m[K [01;31m[Kerror: [m[Kno declaration matches â€˜[01m[KThreadSample::ThreadSample(std::string)[m[Kâ€™
    9 | [01;31m[KThreadSample[m[K::ThreadSample(const std::string node_name): rclcpp::Node(node_name)
      | [01;31m[K^~~~~~~~~~~~[m[K
In file included from [01m[K/home/yangcb/Desktop/ROS2_Sample/sample3/src/sample3/src/thread_sample.cpp:1[m[K:
[01m[K/home/yangcb/Desktop/ROS2_Sample/sample3/src/sample3/include/sample3/thread_sample.h:7:7:[m[K [01;36m[Knote: [m[Kcandidates are: â€˜[01m[KThreadSample::ThreadSample(const ThreadSample&)[m[Kâ€™
    7 | class [01;36m[KThreadSample[m[K: public rclcpp::Node
      |       [01;36m[K^~~~~~~~~~~~[m[K
[01m[K/home/yangcb/Desktop/ROS2_Sample/sample3/src/sample3/include/sample3/thread_sample.h:10:12:[m[K [01;36m[Knote: [m[K                â€˜[01m[KThreadSample::ThreadSample(const string&)[m[Kâ€™
   10 |   explicit [01;36m[KThreadSample[m[K(const std::string& node_name);
      |            [01;36m[K^~~~~~~~~~~~[m[K
[01m[K/home/yangcb/Desktop/ROS2_Sample/sample3/src/sample3/include/sample3/thread_sample.h:7:7:[m[K [01;36m[Knote: [m[Kâ€˜[01m[Kclass ThreadSample[m[Kâ€™ defined here
    7 | class [01;36m[KThreadSample[m[K: public rclcpp::Node
      |       [01;36m[K^~~~~~~~~~~~[m[K
[01m[K/home/yangcb/Desktop/ROS2_Sample/sample3/src/sample3/src/main.cpp:16:21:[m[K [01;31m[Kerror: [m[Kâ€˜[01m[KMultiThreadExecutor[m[Kâ€™ is not a member of â€˜[01m[Krclcpp::executors[m[Kâ€™; did you mean â€˜[01m[KMultiThreadedExecutor[m[Kâ€™?
   16 |  rclcpp::executors::[01;31m[KMultiThreadExecutor[m[K executor_m;
      |                     [01;31m[K^~~~~~~~~~~~~~~~~~~[m[K
      |                     [32m[KMultiThreadedExecutor[m[K
[01m[K/home/yangcb/Desktop/ROS2_Sample/sample3/src/sample3/src/main.cpp:18:5:[m[K [01;31m[Kerror: [m[Kâ€˜[01m[Karvc[m[Kâ€™ was not declared in this scope; did you mean â€˜[01m[Kargc[m[Kâ€™?
   18 |  if([01;31m[Karvc[m[K >= 3)
      |     [01;31m[K^~~~[m[K
      |     [32m[Kargc[m[K
[01m[K/home/yangcb/Desktop/ROS2_Sample/sample3/src/sample3/src/main.cpp:24:40:[m[K [01;31m[Kerror: [m[Kexpected type-specifier
   24 |   std::string multi_flag = static_cast<[01;31m[Kstd[m[K:::string>(argv[2]);
      |                                        [01;31m[K^~~[m[K
[01m[K/home/yangcb/Desktop/ROS2_Sample/sample3/src/sample3/src/main.cpp:24:40:[m[K [01;31m[Kerror: [m[Kexpected â€˜[01m[K>[m[Kâ€™
[01m[K/home/yangcb/Desktop/ROS2_Sample/sample3/src/sample3/src/main.cpp:24:40:[m[K [01;31m[Kerror: [m[Kexpected â€˜[01m[K([m[Kâ€™
   24 |   std::string multi_flag = static_cast<[01;31m[Ks[m[K[32m[Ktd[m[K:::string>(argv[2]);
      |                                        [01;31m[K^[m[K[32m[K~~[m[K
      |                                        [32m[K([m[K
[01m[K/home/yangcb/Desktop/ROS2_Sample/sample3/src/sample3/src/main.cpp:24:45:[m[K [01;31m[Kerror: [m[Kexpected unqualified-id before â€˜[01m[K:[m[Kâ€™ token
   24 |   std::string multi_flag = static_cast<std::[01;31m[K:[m[Kstring>(argv[2]);
      |                                             [01;31m[K^[m[K
[01m[K/home/yangcb/Desktop/ROS2_Sample/sample3/src/sample3/src/main.cpp:24:43:[m[K [01;31m[Kerror: [m[Kexpected â€˜[01m[K)[m[Kâ€™ before â€˜[01m[K:[m[Kâ€™ token
   24 |   std::string multi_flag = static_cast<std[01;31m[K:[m[K:[32m[K:[m[Kstring>(argv[2]);
      |                                           [01;31m[K^[m[K [32m[K~[m[K
      |                                           [32m[K)[m[K
[01m[K/home/yangcb/Desktop/ROS2_Sample/sample3/src/sample3/src/main.cpp:43:30:[m[K [01;31m[Kerror: [m[Kexpected â€˜[01m[K;[m[Kâ€™ before â€˜[01m[K)[m[Kâ€™ token
   43 |  for (int i = node_count; i--[01;31m[K)[m[K{
      |                              [01;31m[K^[m[K
      |                              [32m[K;[m[K
[01m[K/home/yangcb/Desktop/ROS2_Sample/sample3/src/sample3/src/main.cpp:49:4:[m[K [01;31m[Kerror: [m[Kâ€˜[01m[Kexecutor_m[m[Kâ€™ was not declared in this scope
   49 |    [01;31m[Kexecutor_m[m[K.add_node(node_vector.back()->get_node_base_interface());
      |    [01;31m[K^~~~~~~~~~[m[K
[01m[K/home/yangcb/Desktop/ROS2_Sample/sample3/src/sample3/src/main.cpp:53:4:[m[K [01;31m[Kerror: [m[Kâ€˜[01m[Kexecutoro_s[m[Kâ€™ was not declared in this scope
   53 |    [01;31m[Kexecutoro_s[m[K.add_node(node_vector.back()->get_node-base_interface());
      |    [01;31m[K^~~~~~~~~~~[m[K
[01m[K/home/yangcb/Desktop/ROS2_Sample/sample3/src/sample3/src/main.cpp:53:45:[m[K [01;31m[Kerror: [m[Kâ€˜[01m[Kusing element_type = class ThreadSample[m[Kâ€™ {aka â€˜[01m[Kclass ThreadSample[m[Kâ€™} has no member named â€˜[01m[Kget_node[m[Kâ€™; did you mean â€˜[01m[Kget_name[m[Kâ€™?
   53 |    executoro_s.add_node(node_vector.back()->[01;31m[Kget_node[m[K-base_interface());
      |                                             [01;31m[K^~~~~~~~[m[K
      |                                             [32m[Kget_name[m[K
[01m[K/home/yangcb/Desktop/ROS2_Sample/sample3/src/sample3/src/main.cpp:53:54:[m[K [01;31m[Kerror: [m[Kâ€˜[01m[Kbase_interface[m[Kâ€™ was not declared in this scope
   53 |    executoro_s.add_node(node_vector.back()->get_node-[01;31m[Kbase_interface[m[K());
      |                                                      [01;31m[K^~~~~~~~~~~~~~[m[K
[01m[K/home/yangcb/Desktop/ROS2_Sample/sample3/src/sample3/src/main.cpp:59:3:[m[K [01;31m[Kerror: [m[Kâ€˜[01m[Kexecutor_m[m[Kâ€™ was not declared in this scope
   59 |   [01;31m[Kexecutor_m[m[K.spin();
      |   [01;31m[K^~~~~~~~~~[m[K
[01m[K/home/yangcb/Desktop/ROS2_Sample/sample3/src/sample3/src/main.cpp:63:3:[m[K [01;31m[Kerror: [m[Kâ€˜[01m[Kexecutor_s[m[Kâ€™ was not declared in this scope
   63 |   [01;31m[Kexecutor_s[m[K.spin();
      |   [01;31m[K^~~~~~~~~~[m[K
make[2]: *** [CMakeFiles/sample3.dir/build.make:76: CMakeFiles/sample3.dir/src/thread_sample.cpp.o] Error 1
make[2]: *** Waiting for unfinished jobs....
make[2]: *** [CMakeFiles/sample3.dir/build.make:63: CMakeFiles/sample3.dir/src/main.cpp.o] Error 1
make[1]: *** [CMakeFiles/Makefile2:78: CMakeFiles/sample3.dir/all] Error 2
make: *** [Makefile:141: all] Error 2
