[0.017s] Invoking command in '/home/yangcb/Desktop/ROS2_Sample/sample3/build/sample3': CMAKE_PREFIX_PATH=${CMAKE_PREFIX_PATH}:/opt/ros/foxy /usr/bin/cmake --build /home/yangcb/Desktop/ROS2_Sample/sample3/build/sample3 -- -j2 -l2
[0.062s] [35m[1mScanning dependencies of target sample3[0m
[0.089s] [ 33%] [32mBuilding CXX object CMakeFiles/sample3.dir/src/main.cpp.o[0m
[0.093s] [ 66%] [32mBuilding CXX object CMakeFiles/sample3.dir/src/thread_sample.cpp.o[0m
[1.165s] [01m[K/home/yangcb/Desktop/ROS2_Sample/sample3/src/sample3/src/thread_sample.cpp:[m[K In constructor â€˜[01m[KThreadSample::ThreadSample(const string&)[m[Kâ€™:
[1.165s] [01m[K/home/yangcb/Desktop/ROS2_Sample/sample3/src/sample3/src/thread_sample.cpp:17:41:[m[K [01;31m[Kerror: [m[Kunable to find numeric literal operator â€˜[01m[Koperator""ms[m[Kâ€™
[1.165s]    17 |  print_timer_ = this->create_wall_timer([01;31m[K500ms[m[K, printtimer_callback);
[1.165s]       |                                         [01;31m[K^~~~~[m[K
[1.180s] [01m[K/home/yangcb/Desktop/ROS2_Sample/sample3/src/sample3/src/main.cpp:[m[K In function â€˜[01m[Kint main(int, char**)[m[Kâ€™:
[1.181s] [01m[K/home/yangcb/Desktop/ROS2_Sample/sample3/src/sample3/src/main.cpp:18:5:[m[K [01;31m[Kerror: [m[Kâ€˜[01m[Karvc[m[Kâ€™ was not declared in this scope; did you mean â€˜[01m[Kargc[m[Kâ€™?
[1.181s]    18 |  if([01;31m[Karvc[m[K >= 3)
[1.181s]       |     [01;31m[K^~~~[m[K
[1.181s]       |     [32m[Kargc[m[K
[1.181s] [01m[K/home/yangcb/Desktop/ROS2_Sample/sample3/src/sample3/src/main.cpp:24:40:[m[K [01;31m[Kerror: [m[Kexpected type-specifier
[1.181s]    24 |   std::string multi_flag = static_cast<[01;31m[Kstd[m[K:::string>(argv[2]);
[1.181s]       |                                        [01;31m[K^~~[m[K
[1.181s] [01m[K/home/yangcb/Desktop/ROS2_Sample/sample3/src/sample3/src/main.cpp:24:40:[m[K [01;31m[Kerror: [m[Kexpected â€˜[01m[K>[m[Kâ€™
[1.182s] [01m[K/home/yangcb/Desktop/ROS2_Sample/sample3/src/sample3/src/main.cpp:24:40:[m[K [01;31m[Kerror: [m[Kexpected â€˜[01m[K([m[Kâ€™
[1.182s]    24 |   std::string multi_flag = static_cast<[01;31m[Ks[m[K[32m[Ktd[m[K:::string>(argv[2]);
[1.182s]       |                                        [01;31m[K^[m[K[32m[K~~[m[K
[1.182s]       |                                        [32m[K([m[K
[1.182s] [01m[K/home/yangcb/Desktop/ROS2_Sample/sample3/src/sample3/src/main.cpp:24:45:[m[K [01;31m[Kerror: [m[Kexpected unqualified-id before â€˜[01m[K:[m[Kâ€™ token
[1.182s]    24 |   std::string multi_flag = static_cast<std::[01;31m[K:[m[Kstring>(argv[2]);
[1.182s]       |                                             [01;31m[K^[m[K
[1.182s] [01m[K/home/yangcb/Desktop/ROS2_Sample/sample3/src/sample3/src/main.cpp:24:43:[m[K [01;31m[Kerror: [m[Kexpected â€˜[01m[K)[m[Kâ€™ before â€˜[01m[K:[m[Kâ€™ token
[1.182s]    24 |   std::string multi_flag = static_cast<std[01;31m[K:[m[K:[32m[K:[m[Kstring>(argv[2]);
[1.182s]       |                                           [01;31m[K^[m[K [32m[K~[m[K
[1.183s]       |                                           [32m[K)[m[K
[1.184s] [01m[K/home/yangcb/Desktop/ROS2_Sample/sample3/src/sample3/src/main.cpp:43:30:[m[K [01;31m[Kerror: [m[Kexpected â€˜[01m[K;[m[Kâ€™ before â€˜[01m[K)[m[Kâ€™ token
[1.184s]    43 |  for (int i = node_count; i--[01;31m[K)[m[K{
[1.184s]       |                              [01;31m[K^[m[K
[1.184s]       |                              [32m[K;[m[K
[1.188s] [01m[K/home/yangcb/Desktop/ROS2_Sample/sample3/src/sample3/src/main.cpp:53:4:[m[K [01;31m[Kerror: [m[Kâ€˜[01m[Kexecutoro_s[m[Kâ€™ was not declared in this scope; did you mean â€˜[01m[Kexecutor_s[m[Kâ€™?
[1.188s]    53 |    [01;31m[Kexecutoro_s[m[K.add_node(node_vector.back()->get_node-base_interface());
[1.188s]       |    [01;31m[K^~~~~~~~~~~[m[K
[1.188s]       |    [32m[Kexecutor_s[m[K
[1.188s] [01m[K/home/yangcb/Desktop/ROS2_Sample/sample3/src/sample3/src/main.cpp:53:45:[m[K [01;31m[Kerror: [m[Kâ€˜[01m[Kusing element_type = class ThreadSample[m[Kâ€™ {aka â€˜[01m[Kclass ThreadSample[m[Kâ€™} has no member named â€˜[01m[Kget_node[m[Kâ€™; did you mean â€˜[01m[Kget_name[m[Kâ€™?
[1.188s]    53 |    executoro_s.add_node(node_vector.back()->[01;31m[Kget_node[m[K-base_interface());
[1.188s]       |                                             [01;31m[K^~~~~~~~[m[K
[1.188s]       |                                             [32m[Kget_name[m[K
[1.190s] [01m[K/home/yangcb/Desktop/ROS2_Sample/sample3/src/sample3/src/main.cpp:53:54:[m[K [01;31m[Kerror: [m[Kâ€˜[01m[Kbase_interface[m[Kâ€™ was not declared in this scope
[1.190s]    53 |    executoro_s.add_node(node_vector.back()->get_node-[01;31m[Kbase_interface[m[K());
[1.190s]       |                                                      [01;31m[K^~~~~~~~~~~~~~[m[K
[1.469s] make[2]: *** [CMakeFiles/sample3.dir/build.make:76: CMakeFiles/sample3.dir/src/thread_sample.cpp.o] Error 1
[1.469s] make[2]: *** Waiting for unfinished jobs....
[1.519s] make[2]: *** [CMakeFiles/sample3.dir/build.make:63: CMakeFiles/sample3.dir/src/main.cpp.o] Error 1
[1.519s] make[1]: *** [CMakeFiles/Makefile2:78: CMakeFiles/sample3.dir/all] Error 2
[1.519s] make: *** [Makefile:141: all] Error 2
[1.521s] Invoked command in '/home/yangcb/Desktop/ROS2_Sample/sample3/build/sample3' returned '2': CMAKE_PREFIX_PATH=${CMAKE_PREFIX_PATH}:/opt/ros/foxy /usr/bin/cmake --build /home/yangcb/Desktop/ROS2_Sample/sample3/build/sample3 -- -j2 -l2
