[0.015s] Invoking command in '/home/yangcb/Desktop/ROS2_Sample/sample4/build/sample4': CMAKE_PREFIX_PATH=/opt/ros/foxy /usr/bin/cmake --build /home/yangcb/Desktop/ROS2_Sample/sample4/build/sample4 -- -j2 -l2
[0.062s] [35m[1mScanning dependencies of target sample4[0m
[0.088s] [ 50%] [32mBuilding CXX object CMakeFiles/sample4.dir/src/sample4.cpp.o[0m
[1.169s] [01m[K/home/yangcb/Desktop/ROS2_Sample/sample4/src/sample4/src/sample4.cpp:37:25:[m[K [01;31m[Kerror: [m[Kexpected class-name before â€˜[01m[Krclcpp[m[Kâ€™
[1.170s]    37 | class SubNode : publish [01;31m[Krclcpp[m[K::Node
[1.170s]       |                         [01;31m[K^~~~~~[m[K
[1.170s] [01m[K/home/yangcb/Desktop/ROS2_Sample/sample4/src/sample4/src/sample4.cpp:37:25:[m[K [01;31m[Kerror: [m[Kexpected â€˜[01m[K{[m[Kâ€™ before â€˜[01m[Krclcpp[m[Kâ€™
[1.170s] [01m[K/home/yangcb/Desktop/ROS2_Sample/sample4/src/sample4/src/sample4.cpp:39:2:[m[K [01;31m[Kerror: [m[Kexpected primary-expression before â€˜[01m[Kpublic[m[Kâ€™
[1.170s]    39 |  [01;31m[Kpublic[m[K:
[1.170s]       |  [01;31m[K^~~~~~[m[K
[1.170s] [01m[K/home/yangcb/Desktop/ROS2_Sample/sample4/src/sample4/src/sample4.cpp:39:2:[m[K [01;31m[Kerror: [m[Kexpected â€˜[01m[K}[m[Kâ€™ before â€˜[01m[Kpublic[m[Kâ€™
[1.170s] [01m[K/home/yangcb/Desktop/ROS2_Sample/sample4/src/sample4/src/sample4.cpp:38:1:[m[K [01;36m[Knote: [m[Kto match this â€˜[01m[K{[m[Kâ€™
[1.171s]    38 | [01;36m[K{[m[K
[1.171s]       | [01;36m[K^[m[K
[1.171s] [01m[K/home/yangcb/Desktop/ROS2_Sample/sample4/src/sample4/src/sample4.cpp:49:2:[m[K [01;31m[Kerror: [m[Kexpected unqualified-id before â€˜[01m[Kprivate[m[Kâ€™
[1.171s]    49 |  [01;31m[Kprivate[m[K:
[1.171s]       |  [01;31m[K^~~~~~~[m[K
[1.171s] In file included from [01m[K/opt/ros/foxy/include/rclcpp/service.hpp:34[m[K,
[1.171s]                  from [01m[K/opt/ros/foxy/include/rclcpp/callback_group.hpp:25[m[K,
[1.171s]                  from [01m[K/opt/ros/foxy/include/rclcpp/any_executable.hpp:20[m[K,
[1.171s]                  from [01m[K/opt/ros/foxy/include/rclcpp/memory_strategy.hpp:24[m[K,
[1.172s]                  from [01m[K/opt/ros/foxy/include/rclcpp/memory_strategies.hpp:18[m[K,
[1.172s]                  from [01m[K/opt/ros/foxy/include/rclcpp/executor_options.hpp:20[m[K,
[1.172s]                  from [01m[K/opt/ros/foxy/include/rclcpp/executor.hpp:33[m[K,
[1.172s]                  from [01m[K/opt/ros/foxy/include/rclcpp/executors/multi_threaded_executor.hpp:26[m[K,
[1.172s]                  from [01m[K/opt/ros/foxy/include/rclcpp/executors.hpp:21[m[K,
[1.172s]                  from [01m[K/opt/ros/foxy/include/rclcpp/rclcpp.hpp:146[m[K,
[1.172s]                  from [01m[K/home/yangcb/Desktop/ROS2_Sample/sample4/src/sample4/src/sample4.cpp:5[m[K:
[1.172s] [01m[K/home/yangcb/Desktop/ROS2_Sample/sample4/src/sample4/src/sample4.cpp:[m[K In function â€˜[01m[Kvoid count_sub_callback(builtin_interfaces::msg::Time_<std::allocator<void> >::UniquePtr)[m[Kâ€™:
[1.172s] [01m[K/home/yangcb/Desktop/ROS2_Sample/sample4/src/sample4/src/sample4.cpp:53:23:[m[K [01;31m[Kerror: [m[Kinvalid use of â€˜[01m[Kthis[m[Kâ€™ in non-member function
[1.173s]    53 |    RCLCPP_INFO_STREAM([01;31m[Kthis[m[K->get_logger(), "sub::Addr is: " <<
[1.173s]       |                       [01;31m[K^~~~[m[K
[1.173s] [01m[K/home/yangcb/Desktop/ROS2_Sample/sample4/src/sample4/src/sample4.cpp:53:23:[m[K [01;31m[Kerror: [m[Kinvalid use of â€˜[01m[Kthis[m[Kâ€™ in non-member function
[1.173s] [01m[K/home/yangcb/Desktop/ROS2_Sample/sample4/src/sample4/src/sample4.cpp:53:4:[m[K [01;31m[Kerror: [m[Ktemplate argument 1 is invalid
[1.173s]    53 |    [01;31m[KRCLCPP_INFO_STREAM[m[K(this->get_logger(), "sub::Addr is: " <<
[1.173s]       |    [01;31m[K^~~~~~~~~~~~~~~~~~[m[K
[1.173s] [01m[K/home/yangcb/Desktop/ROS2_Sample/sample4/src/sample4/src/sample4.cpp:53:4:[m[K [01;31m[Kerror: [m[Ktemplate argument 1 is invalid
[1.173s]    53 |    [01;31m[KRCLCPP_INFO_STREAM[m[K(this->get_logger(), "sub::Addr is: " <<
[1.174s]       |    [01;31m[K^~~~~~~~~~~~~~~~~~[m[K
[1.174s] [01m[K/home/yangcb/Desktop/ROS2_Sample/sample4/src/sample4/src/sample4.cpp:53:4:[m[K [01;31m[Kerror: [m[Ktemplate argument 1 is invalid
[1.174s]    53 |    [01;31m[KRCLCPP_INFO_STREAM[m[K(this->get_logger(), "sub::Addr is: " <<
[1.174s]       |    [01;31m[K^~~~~~~~~~~~~~~~~~[m[K
[1.175s] In file included from [01m[K/opt/ros/foxy/include/rclcpp/client.hpp:40[m[K,
[1.175s]                  from [01m[K/opt/ros/foxy/include/rclcpp/callback_group.hpp:23[m[K,
[1.175s]                  from [01m[K/opt/ros/foxy/include/rclcpp/any_executable.hpp:20[m[K,
[1.175s]                  from [01m[K/opt/ros/foxy/include/rclcpp/memory_strategy.hpp:24[m[K,
[1.175s]                  from [01m[K/opt/ros/foxy/include/rclcpp/memory_strategies.hpp:18[m[K,
[1.175s]                  from [01m[K/opt/ros/foxy/include/rclcpp/executor_options.hpp:20[m[K,
[1.175s]                  from [01m[K/opt/ros/foxy/include/rclcpp/executor.hpp:33[m[K,
[1.175s]                  from [01m[K/opt/ros/foxy/include/rclcpp/executors/multi_threaded_executor.hpp:26[m[K,
[1.175s]                  from [01m[K/opt/ros/foxy/include/rclcpp/executors.hpp:21[m[K,
[1.175s]                  from [01m[K/opt/ros/foxy/include/rclcpp/rclcpp.hpp:146[m[K,
[1.176s]                  from [01m[K/home/yangcb/Desktop/ROS2_Sample/sample4/src/sample4/src/sample4.cpp:5[m[K:
[1.176s] [01m[K/home/yangcb/Desktop/ROS2_Sample/sample4/src/sample4/src/sample4.cpp:53:23:[m[K [01;31m[Kerror: [m[Kinvalid use of â€˜[01m[Kthis[m[Kâ€™ in non-member function
[1.176s]    53 |    RCLCPP_INFO_STREAM([01;31m[Kthis[m[K->get_logger(), "sub::Addr is: " <<
[1.176s]       |                       [01;31m[K^~~~[m[K
[1.176s] [01m[K/home/yangcb/Desktop/ROS2_Sample/sample4/src/sample4/src/sample4.cpp:53:23:[m[K [01;31m[Kerror: [m[Kinvalid use of â€˜[01m[Kthis[m[Kâ€™ in non-member function
[1.176s]    53 |    RCLCPP_INFO_STREAM([01;31m[Kthis[m[K->get_logger(), "sub::Addr is: " <<
[1.176s]       |                       [01;31m[K^~~~[m[K
[1.176s] [01m[K/home/yangcb/Desktop/ROS2_Sample/sample4/src/sample4/src/sample4.cpp:[m[K At global scope:
[1.177s] [01m[K/home/yangcb/Desktop/ROS2_Sample/sample4/src/sample4/src/sample4.cpp:56:1:[m[K [01;31m[Kerror: [m[Kexpected declaration before â€˜[01m[K}[m[Kâ€™ token
[1.177s]    56 | [01;31m[K}[m[K;
[1.177s]       | [01;31m[K^[m[K
[1.178s] [01m[K/home/yangcb/Desktop/ROS2_Sample/sample4/src/sample4/src/sample4.cpp:[m[K In function â€˜[01m[Kvoid another_executor()[m[Kâ€™:
[1.178s] [01m[K/home/yangcb/Desktop/ROS2_Sample/sample4/src/sample4/src/sample4.cpp:61:24:[m[K [01;31m[Kerror: [m[Kâ€˜[01m[Kmake_shared_ptr[m[Kâ€™ is not a member of â€˜[01m[Kstd[m[Kâ€™; did you mean â€˜[01m[Kmake_shared[m[Kâ€™?
[1.178s]    61 |  auto sub_node_ = std::[01;31m[Kmake_shared_ptr[m[K<SubNode>("topic_sub");
[1.178s]       |                        [01;31m[K^~~~~~~~~~~~~~~[m[K
[1.178s]       |                        [32m[Kmake_shared[m[K
[1.178s] [01m[K/home/yangcb/Desktop/ROS2_Sample/sample4/src/sample4/src/sample4.cpp:61:47:[m[K [01;31m[Kerror: [m[Kexpected primary-expression before â€˜[01m[K>[m[Kâ€™ token
[1.178s]    61 |  auto sub_node_ = std::make_shared_ptr<SubNode[01;31m[K>[m[K("topic_sub");
[1.178s]       |                                               [01;31m[K^[m[K
[1.180s] [01m[K/home/yangcb/Desktop/ROS2_Sample/sample4/src/sample4/src/sample4.cpp:62:21:[m[K [01;31m[Kerror: [m[Kâ€˜[01m[Ksub_node[m[Kâ€™ was not declared in this scope
[1.180s]    62 |  executor_.add_node([01;31m[Ksub_node[m[K);
[1.180s]       |                     [01;31m[K^~~~~~~~[m[K
[1.910s] make[2]: *** [CMakeFiles/sample4.dir/build.make:63: CMakeFiles/sample4.dir/src/sample4.cpp.o] Error 1
[1.911s] make[1]: *** [CMakeFiles/Makefile2:105: CMakeFiles/sample4.dir/all] Error 2
[1.911s] make: *** [Makefile:141: all] Error 2
[1.913s] Invoked command in '/home/yangcb/Desktop/ROS2_Sample/sample4/build/sample4' returned '2': CMAKE_PREFIX_PATH=/opt/ros/foxy /usr/bin/cmake --build /home/yangcb/Desktop/ROS2_Sample/sample4/build/sample4 -- -j2 -l2
