[35m[1mScanning dependencies of target shm_test[0m
[ 50%] [32mBuilding CXX object CMakeFiles/shm_test.dir/src/shm_test.cpp.o[0m
[01m[K/home/yangcb/Desktop/ROS2_Sample/shm_sample/shm_test/src/shm_test.cpp:[m[K In function â€˜[01m[Kint main(int, char**)[m[Kâ€™:
[01m[K/home/yangcb/Desktop/ROS2_Sample/shm_sample/shm_test/src/shm_test.cpp:40:3:[m[K [01;31m[Kerror: [m[Kâ€˜[01m[Kexecutor_spin[m[Kâ€™ was not declared in this scope; did you mean â€˜[01m[Kexecutor_[m[Kâ€™?
   40 |   [01;31m[Kexecutor_spin[m[K();
      |   [01;31m[K^~~~~~~~~~~~~[m[K
      |   [32m[Kexecutor_[m[K
make[2]: *** [CMakeFiles/shm_test.dir/build.make:63: CMakeFiles/shm_test.dir/src/shm_test.cpp.o] Error 1
make[1]: *** [CMakeFiles/Makefile2:78: CMakeFiles/shm_test.dir/all] Error 2
make: *** [Makefile:141: all] Error 2
