-- Found ament_cmake: 0.9.11 (/opt/ros/foxy/share/ament_cmake/cmake)
-- Using PYTHON_EXECUTABLE: /usr/bin/python3
-- Found rclcpp: 2.4.2 (/opt/ros/foxy/share/rclcpp/cmake)
-- Using all available rosidl_typesupport_c: rosidl_typesupport_fastrtps_c;rosidl_typesupport_introspection_c
-- Found rosidl_adapter: 1.3.0 (/opt/ros/foxy/share/rosidl_adapter/cmake)
-- Using all available rosidl_typesupport_cpp: rosidl_typesupport_fastrtps_cpp;rosidl_typesupport_introspection_cpp
-- Found rmw_implementation_cmake: 1.0.4 (/opt/ros/foxy/share/rmw_implementation_cmake/cmake)
-- Using RMW implementation 'rmw_fastrtps_cpp' as default
-- Found ament_lint_auto: 0.9.8 (/opt/ros/foxy/share/ament_lint_auto/cmake)
-- Added test 'copyright' to check source files copyright and LICENSE
-- Added test 'cppcheck' to perform static code analysis on C / C++ code
-- Configured cppcheck include dirs: $<BUILD_INTERFACE:/home/yangcb/Desktop/ROS2_Sample/sample3/src/sample3/include>
-- Configured cppcheck exclude dirs and/or files: 
-- Added test 'cpplint' to check C / C++ code against the Google style
-- Configured cpplint exclude dirs and/or files: 
-- Added test 'lint_cmake' to check CMake code style
-- Added test 'uncrustify' to check C / C++ code style
-- Configured uncrustify additional arguments: 
-- Added test 'xmllint' to check XML markup files
-- Configuring done
-- Generating done
-- Build files have been written to: /home/yangcb/Desktop/ROS2_Sample/sample3/build/sample3
[35m[1mScanning dependencies of target sample3[0m
[ 33%] [32mBuilding CXX object CMakeFiles/sample3.dir/src/main.cpp.o[0m
[ 66%] [32mBuilding CXX object CMakeFiles/sample3.dir/src/thread_sample.cpp.o[0m
[01m[K/home/yangcb/Desktop/ROS2_Sample/sample3/src/sample3/src/main.cpp:1:10:[m[K [01;31m[Kfatal error: [m[Ksample3/thread_thread.hpp: No such file or directory
    1 | #include [01;31m[K"sample3/thread_thread.hpp"[m[K
      |          [01;31m[K^~~~~~~~~~~~~~~~~~~~~~~~~~~[m[K
compilation terminated.
make[2]: *** [CMakeFiles/sample3.dir/build.make:63: CMakeFiles/sample3.dir/src/main.cpp.o] Error 1
make[2]: *** Waiting for unfinished jobs....
[01m[K/home/yangcb/Desktop/ROS2_Sample/sample3/src/sample3/src/thread_sample.cpp:9:1:[m[K [01;31m[Kerror: [m[Kno declaration matches â€˜[01m[KThreadSample::ThreadSample(std::string)[m[Kâ€™
    9 | [01;31m[KThreadSample[m[K::ThreadSample(const std::string node_name): rclcpp::Node(node_name)
      | [01;31m[K^~~~~~~~~~~~[m[K
In file included from [01m[K/home/yangcb/Desktop/ROS2_Sample/sample3/src/sample3/src/thread_sample.cpp:1[m[K:
[01m[K/home/yangcb/Desktop/ROS2_Sample/sample3/src/sample3/include/sample3/thread_sample.hpp:7:7:[m[K [01;36m[Knote: [m[Kcandidates are: â€˜[01m[KThreadSample::ThreadSample(const ThreadSample&)[m[Kâ€™
    7 | class [01;36m[KThreadSample[m[K: public rclcpp::Node
      |       [01;36m[K^~~~~~~~~~~~[m[K
[01m[K/home/yangcb/Desktop/ROS2_Sample/sample3/src/sample3/include/sample3/thread_sample.hpp:10:12:[m[K [01;36m[Knote: [m[K                â€˜[01m[KThreadSample::ThreadSample(const string&)[m[Kâ€™
   10 |   explicit [01;36m[KThreadSample[m[K(const std::string& node_name);
      |            [01;36m[K^~~~~~~~~~~~[m[K
[01m[K/home/yangcb/Desktop/ROS2_Sample/sample3/src/sample3/include/sample3/thread_sample.hpp:7:7:[m[K [01;36m[Knote: [m[Kâ€˜[01m[Kclass ThreadSample[m[Kâ€™ defined here
    7 | class [01;36m[KThreadSample[m[K: public rclcpp::Node
      |       [01;36m[K^~~~~~~~~~~~[m[K
make[2]: *** [CMakeFiles/sample3.dir/build.make:76: CMakeFiles/sample3.dir/src/thread_sample.cpp.o] Error 1
make[1]: *** [CMakeFiles/Makefile2:78: CMakeFiles/sample3.dir/all] Error 2
make: *** [Makefile:141: all] Error 2
