[0.016s] Invoking command in '/home/yangcb/Desktop/ROS2_Sample/sample3/build/sample3': CMAKE_PREFIX_PATH=${CMAKE_PREFIX_PATH}:/opt/ros/foxy /usr/bin/cmake --build /home/yangcb/Desktop/ROS2_Sample/sample3/build/sample3 -- -j2 -l2
[0.044s] -- Found ament_cmake: 0.9.11 (/opt/ros/foxy/share/ament_cmake/cmake)
[0.063s] -- Using PYTHON_EXECUTABLE: /usr/bin/python3
[0.220s] -- Found rclcpp: 2.4.2 (/opt/ros/foxy/share/rclcpp/cmake)
[0.249s] -- Using all available rosidl_typesupport_c: rosidl_typesupport_fastrtps_c;rosidl_typesupport_introspection_c
[0.252s] -- Found rosidl_adapter: 1.3.0 (/opt/ros/foxy/share/rosidl_adapter/cmake)
[0.355s] -- Using all available rosidl_typesupport_cpp: rosidl_typesupport_fastrtps_cpp;rosidl_typesupport_introspection_cpp
[0.397s] -- Found rmw_implementation_cmake: 1.0.4 (/opt/ros/foxy/share/rmw_implementation_cmake/cmake)
[0.399s] -- Using RMW implementation 'rmw_fastrtps_cpp' as default
[0.522s] -- Found ament_lint_auto: 0.9.8 (/opt/ros/foxy/share/ament_lint_auto/cmake)
[0.575s] -- Added test 'copyright' to check source files copyright and LICENSE
[0.576s] -- Added test 'cppcheck' to perform static code analysis on C / C++ code
[0.576s] -- Configured cppcheck include dirs: $<BUILD_INTERFACE:/home/yangcb/Desktop/ROS2_Sample/sample3/src/sample3/include>
[0.576s] -- Configured cppcheck exclude dirs and/or files: 
[0.577s] -- Added test 'cpplint' to check C / C++ code against the Google style
[0.577s] -- Configured cpplint exclude dirs and/or files: 
[0.578s] -- Added test 'lint_cmake' to check CMake code style
[0.579s] -- Added test 'uncrustify' to check C / C++ code style
[0.579s] -- Configured uncrustify additional arguments: 
[0.580s] -- Added test 'xmllint' to check XML markup files
[0.582s] -- Configuring done
[0.590s] -- Generating done
[0.600s] -- Build files have been written to: /home/yangcb/Desktop/ROS2_Sample/sample3/build/sample3
[0.624s] [35m[1mScanning dependencies of target sample3[0m
[0.768s] [ 33%] [32mBuilding CXX object CMakeFiles/sample3.dir/src/main.cpp.o[0m
[0.772s] [ 66%] [32mBuilding CXX object CMakeFiles/sample3.dir/src/thread_sample.cpp.o[0m
[0.776s] [01m[K/home/yangcb/Desktop/ROS2_Sample/sample3/src/sample3/src/main.cpp:1:10:[m[K [01;31m[Kfatal error: [m[Ksample3/thread_thread.hpp: No such file or directory
[0.776s]     1 | #include [01;31m[K"sample3/thread_thread.hpp"[m[K
[0.776s]       |          [01;31m[K^~~~~~~~~~~~~~~~~~~~~~~~~~~[m[K
[0.776s] compilation terminated.
[0.778s] make[2]: *** [CMakeFiles/sample3.dir/build.make:63: CMakeFiles/sample3.dir/src/main.cpp.o] Error 1
[0.778s] make[2]: *** Waiting for unfinished jobs....
[3.265s] [01m[K/home/yangcb/Desktop/ROS2_Sample/sample3/src/sample3/src/thread_sample.cpp:9:1:[m[K [01;31m[Kerror: [m[Kno declaration matches â€˜[01m[KThreadSample::ThreadSample(std::string)[m[Kâ€™
[3.265s]     9 | [01;31m[KThreadSample[m[K::ThreadSample(const std::string node_name): rclcpp::Node(node_name)
[3.265s]       | [01;31m[K^~~~~~~~~~~~[m[K
[3.265s] In file included from [01m[K/home/yangcb/Desktop/ROS2_Sample/sample3/src/sample3/src/thread_sample.cpp:1[m[K:
[3.265s] [01m[K/home/yangcb/Desktop/ROS2_Sample/sample3/src/sample3/include/sample3/thread_sample.hpp:7:7:[m[K [01;36m[Knote: [m[Kcandidates are: â€˜[01m[KThreadSample::ThreadSample(const ThreadSample&)[m[Kâ€™
[3.265s]     7 | class [01;36m[KThreadSample[m[K: public rclcpp::Node
[3.266s]       |       [01;36m[K^~~~~~~~~~~~[m[K
[3.266s] [01m[K/home/yangcb/Desktop/ROS2_Sample/sample3/src/sample3/include/sample3/thread_sample.hpp:10:12:[m[K [01;36m[Knote: [m[K                â€˜[01m[KThreadSample::ThreadSample(const string&)[m[Kâ€™
[3.266s]    10 |   explicit [01;36m[KThreadSample[m[K(const std::string& node_name);
[3.266s]       |            [01;36m[K^~~~~~~~~~~~[m[K
[3.266s] [01m[K/home/yangcb/Desktop/ROS2_Sample/sample3/src/sample3/include/sample3/thread_sample.hpp:7:7:[m[K [01;36m[Knote: [m[Kâ€˜[01m[Kclass ThreadSample[m[Kâ€™ defined here
[3.266s]     7 | class [01;36m[KThreadSample[m[K: public rclcpp::Node
[3.266s]       |       [01;36m[K^~~~~~~~~~~~[m[K
[3.832s] make[2]: *** [CMakeFiles/sample3.dir/build.make:76: CMakeFiles/sample3.dir/src/thread_sample.cpp.o] Error 1
[3.832s] make[1]: *** [CMakeFiles/Makefile2:78: CMakeFiles/sample3.dir/all] Error 2
[3.833s] make: *** [Makefile:141: all] Error 2
[3.833s] Invoked command in '/home/yangcb/Desktop/ROS2_Sample/sample3/build/sample3' returned '2': CMAKE_PREFIX_PATH=${CMAKE_PREFIX_PATH}:/opt/ros/foxy /usr/bin/cmake --build /home/yangcb/Desktop/ROS2_Sample/sample3/build/sample3 -- -j2 -l2
