[0.015s] Invoking command in '/home/yangcb/Desktop/ROS2_Sample/sample3/build/sample3': CMAKE_PREFIX_PATH=${CMAKE_PREFIX_PATH}:/opt/ros/foxy /usr/bin/cmake --build /home/yangcb/Desktop/ROS2_Sample/sample3/build/sample3 -- -j2 -l2
[0.057s] [35m[1mScanning dependencies of target sample3[0m
[0.086s] [ 33%] [32mBuilding CXX object CMakeFiles/sample3.dir/src/main.cpp.o[0m
[0.090s] [ 66%] [32mBuilding CXX object CMakeFiles/sample3.dir/src/thread_sample.cpp.o[0m
[1.155s] [01m[K/home/yangcb/Desktop/ROS2_Sample/sample3/src/sample3/src/thread_sample.cpp:[m[K In constructor â€˜[01m[KThreadSample::ThreadSample(const string&)[m[Kâ€™:
[1.155s] [01m[K/home/yangcb/Desktop/ROS2_Sample/sample3/src/sample3/src/thread_sample.cpp:18:41:[m[K [01;31m[Kerror: [m[Kunable to find numeric literal operator â€˜[01m[Koperator""s[m[Kâ€™
[1.156s]    18 |  print_timer_ = this->create_wall_timer([01;31m[K1s[m[K, printtimer_callback);
[1.156s]       |                                         [01;31m[K^~[m[K
[1.462s] make[2]: *** [CMakeFiles/sample3.dir/build.make:76: CMakeFiles/sample3.dir/src/thread_sample.cpp.o] Error 1
[1.462s] make[2]: *** Waiting for unfinished jobs....
[1.593s] make[1]: *** [CMakeFiles/Makefile2:78: CMakeFiles/sample3.dir/all] Error 2
[1.593s] make: *** [Makefile:141: all] Error 2
[1.595s] Invoked command in '/home/yangcb/Desktop/ROS2_Sample/sample3/build/sample3' returned '2': CMAKE_PREFIX_PATH=${CMAKE_PREFIX_PATH}:/opt/ros/foxy /usr/bin/cmake --build /home/yangcb/Desktop/ROS2_Sample/sample3/build/sample3 -- -j2 -l2
