[0.016s] Invoking command in '/home/yangcb/Desktop/ROS2_Sample/sample3/build/sample3': CMAKE_PREFIX_PATH=${CMAKE_PREFIX_PATH}:/opt/ros/foxy /usr/bin/cmake --build /home/yangcb/Desktop/ROS2_Sample/sample3/build/sample3 -- -j2 -l2
[0.060s] [35m[1mScanning dependencies of target sample3[0m
[0.089s] [ 33%] [32mBuilding CXX object CMakeFiles/sample3.dir/src/main.cpp.o[0m
[0.093s] [ 66%] [32mBuilding CXX object CMakeFiles/sample3.dir/src/thread_sample.cpp.o[0m
[1.150s] [01m[K/home/yangcb/Desktop/ROS2_Sample/sample3/src/sample3/src/thread_sample.cpp:[m[K In constructor â€˜[01m[KThreadSample::ThreadSample(const string&)[m[Kâ€™:
[1.150s] [01m[K/home/yangcb/Desktop/ROS2_Sample/sample3/src/sample3/src/thread_sample.cpp:18:41:[m[K [01;31m[Kerror: [m[Kunable to find numeric literal operator â€˜[01m[Koperator""s[m[Kâ€™
[1.150s]    18 |  print_timer_ = this->create_wall_timer([01;31m[K1s[m[K, printtimer_callback);
[1.150s]       |                                         [01;31m[K^~[m[K
[1.167s] [01m[K/home/yangcb/Desktop/ROS2_Sample/sample3/src/sample3/src/main.cpp:[m[K In function â€˜[01m[Kint main(int, char**)[m[Kâ€™:
[1.167s] [01m[K/home/yangcb/Desktop/ROS2_Sample/sample3/src/sample3/src/main.cpp:53:4:[m[K [01;31m[Kerror: [m[Kâ€˜[01m[Kexecutoro_s[m[Kâ€™ was not declared in this scope; did you mean â€˜[01m[Kexecutor_s[m[Kâ€™?
[1.167s]    53 |    [01;31m[Kexecutoro_s[m[K.add_node(node_vector.back()->get_node_base_interface());
[1.168s]       |    [01;31m[K^~~~~~~~~~~[m[K
[1.168s]       |    [32m[Kexecutor_s[m[K
[1.452s] make[2]: *** [CMakeFiles/sample3.dir/build.make:76: CMakeFiles/sample3.dir/src/thread_sample.cpp.o] Error 1
[1.452s] make[2]: *** Waiting for unfinished jobs....
[1.498s] make[2]: *** [CMakeFiles/sample3.dir/build.make:63: CMakeFiles/sample3.dir/src/main.cpp.o] Error 1
[1.498s] make[1]: *** [CMakeFiles/Makefile2:78: CMakeFiles/sample3.dir/all] Error 2
[1.499s] make: *** [Makefile:141: all] Error 2
[1.501s] Invoked command in '/home/yangcb/Desktop/ROS2_Sample/sample3/build/sample3' returned '2': CMAKE_PREFIX_PATH=${CMAKE_PREFIX_PATH}:/opt/ros/foxy /usr/bin/cmake --build /home/yangcb/Desktop/ROS2_Sample/sample3/build/sample3 -- -j2 -l2
