[01m[K/home/yangcb/Desktop/ROS2_Sample/shm_sample/shm_test/src/shm_test.cpp:28:10:[m[K [01;31m[Kerror: [m[Kâ€˜[01m[KTimeBase[m[Kâ€™ in namespace â€˜[01m[Krclcpp[m[Kâ€™ does not name a type; did you mean â€˜[01m[KTimerBase[m[Kâ€™?
   28 |  rclcpp::[01;31m[KTimeBase[m[K::SharedPtr timer_;
      |          [01;31m[K^~~~~~~~[m[K
      |          [32m[KTimerBase[m[K
[01m[K/home/yangcb/Desktop/ROS2_Sample/shm_sample/shm_test/src/shm_test.cpp:[m[K In constructor â€˜[01m[KPubNode::PubNode(const string&)[m[Kâ€™:
[01m[K/home/yangcb/Desktop/ROS2_Sample/shm_sample/shm_test/src/shm_test.cpp:11:12:[m[K [01;31m[Kerror: [m[Kâ€˜[01m[KSystemDefaultsQos[m[Kâ€™ is not a member of â€˜[01m[Krclcpp[m[Kâ€™; did you mean â€˜[01m[KSystemDefaultsQoS[m[Kâ€™?
   11 |    rclcpp::[01;31m[KSystemDefaultsQos[m[K());
      |            [01;31m[K^~~~~~~~~~~~~~~~~[m[K
      |            [32m[KSystemDefaultsQoS[m[K
[01m[K/home/yangcb/Desktop/ROS2_Sample/shm_sample/shm_test/src/shm_test.cpp:24:3:[m[K [01;31m[Kerror: [m[Kâ€˜[01m[Ktimer_[m[Kâ€™ was not declared in this scope; did you mean â€˜[01m[Ktimer_t[m[Kâ€™?
   24 |   [01;31m[Ktimer_[m[K = this->create_wall_timer(500ms, topictimer_callback);
      |   [01;31m[K^~~~~~[m[K
      |   [32m[Ktimer_t[m[K
make[2]: *** [CMakeFiles/shm_test.dir/build.make:63: CMakeFiles/shm_test.dir/src/shm_test.cpp.o] Error 1
make[1]: *** [CMakeFiles/Makefile2:78: CMakeFiles/shm_test.dir/all] Error 2
make: *** [Makefile:141: all] Error 2
