-- The C compiler identification is GNU 9.4.0
-- The CXX compiler identification is GNU 9.4.0
-- Check for working C compiler: /usr/bin/cc
-- Check for working C compiler: /usr/bin/cc -- works
-- Detecting C compiler ABI info
-- Detecting C compiler ABI info - done
-- Detecting C compile features
-- Detecting C compile features - done
-- Check for working CXX compiler: /usr/bin/c++
-- Check for working CXX compiler: /usr/bin/c++ -- works
-- Detecting CXX compiler ABI info
-- Detecting CXX compiler ABI info - done
-- Detecting CXX compile features
-- Detecting CXX compile features - done
-- Found ament_cmake: 0.9.11 (/opt/ros/foxy/share/ament_cmake/cmake)
-- Found PythonInterp: /usr/bin/python3 (found suitable version "3.8.10", minimum required is "3") 
-- Using PYTHON_EXECUTABLE: /usr/bin/python3
-- Found rclcpp: 2.4.2 (/opt/ros/foxy/share/rclcpp/cmake)
-- Using all available rosidl_typesupport_c: rosidl_typesupport_fastrtps_c;rosidl_typesupport_introspection_c
-- Found rosidl_adapter: 1.3.0 (/opt/ros/foxy/share/rosidl_adapter/cmake)
-- Found OpenSSL: /usr/lib/x86_64-linux-gnu/libcrypto.so (found version "1.1.1f")  
-- Found FastRTPS: /opt/ros/foxy/include  
-- Using all available rosidl_typesupport_cpp: rosidl_typesupport_fastrtps_cpp;rosidl_typesupport_introspection_cpp
-- Found rmw_implementation_cmake: 1.0.4 (/opt/ros/foxy/share/rmw_implementation_cmake/cmake)
-- Using RMW implementation 'rmw_fastrtps_cpp' as default
-- Looking for pthread.h
-- Looking for pthread.h - found
-- Performing Test CMAKE_HAVE_LIBC_PTHREAD
-- Performing Test CMAKE_HAVE_LIBC_PTHREAD - Failed
-- Looking for pthread_create in pthreads
-- Looking for pthread_create in pthreads - not found
-- Looking for pthread_create in pthread
-- Looking for pthread_create in pthread - found
-- Found Threads: TRUE  
-- Found ament_lint_auto: 0.9.8 (/opt/ros/foxy/share/ament_lint_auto/cmake)
-- Added test 'copyright' to check source files copyright and LICENSE
-- Added test 'cppcheck' to perform static code analysis on C / C++ code
-- Configured cppcheck include dirs: $<BUILD_INTERFACE:/home/yangcb/Desktop/ROS2_Sample/shm_sample/shm_test/include>
-- Configured cppcheck exclude dirs and/or files: 
-- Added test 'cpplint' to check C / C++ code against the Google style
-- Configured cpplint exclude dirs and/or files: 
-- Added test 'lint_cmake' to check CMake code style
-- Added test 'uncrustify' to check C / C++ code style
-- Configured uncrustify additional arguments: 
-- Added test 'xmllint' to check XML markup files
-- Configuring done
-- Generating done
-- Build files have been written to: /home/yangcb/Desktop/ROS2_Sample/shm_sample/build/shm_test
[35m[1mScanning dependencies of target shm_test[0m
[ 50%] [32mBuilding CXX object CMakeFiles/shm_test.dir/src/shm_test.cpp.o[0m
[01m[K/home/yangcb/Desktop/ROS2_Sample/shm_sample/shm_test/src/shm_test.cpp:28:10:[m[K [01;31m[Kerror: [m[Kâ€˜[01m[KTimeBase[m[Kâ€™ in namespace â€˜[01m[Krclcpp[m[Kâ€™ does not name a type; did you mean â€˜[01m[KTimerBase[m[Kâ€™?
   28 |  rclcpp::[01;31m[KTimeBase[m[K::SharedPtr timer_;
      |          [01;31m[K^~~~~~~~[m[K
      |          [32m[KTimerBase[m[K
[01m[K/home/yangcb/Desktop/ROS2_Sample/shm_sample/shm_test/src/shm_test.cpp:[m[K In constructor â€˜[01m[KPubNode::PubNode(const string&)[m[Kâ€™:
[01m[K/home/yangcb/Desktop/ROS2_Sample/shm_sample/shm_test/src/shm_test.cpp:11:12:[m[K [01;31m[Kerror: [m[Kâ€˜[01m[KSystemDefaultsQos[m[Kâ€™ is not a member of â€˜[01m[Krclcpp[m[Kâ€™; did you mean â€˜[01m[KSystemDefaultsQoS[m[Kâ€™?
   11 |    rclcpp::[01;31m[KSystemDefaultsQos[m[K());
      |            [01;31m[K^~~~~~~~~~~~~~~~~[m[K
      |            [32m[KSystemDefaultsQoS[m[K
[01m[K/home/yangcb/Desktop/ROS2_Sample/shm_sample/shm_test/src/shm_test.cpp:24:3:[m[K [01;31m[Kerror: [m[Kâ€˜[01m[Ktimer_[m[Kâ€™ was not declared in this scope; did you mean â€˜[01m[Ktimer_t[m[Kâ€™?
   24 |   [01;31m[Ktimer_[m[K = this->create_wall_timer(500ms, topictimer_callback);
      |   [01;31m[K^~~~~~[m[K
      |   [32m[Ktimer_t[m[K
make[2]: *** [CMakeFiles/shm_test.dir/build.make:63: CMakeFiles/shm_test.dir/src/shm_test.cpp.o] Error 1
make[1]: *** [CMakeFiles/Makefile2:78: CMakeFiles/shm_test.dir/all] Error 2
make: *** [Makefile:141: all] Error 2
