[0.017s] Invoking command in '/home/yangcb/Desktop/ROS2_Sample/shm_sample/build/shm_test': CMAKE_PREFIX_PATH=/opt/ros/foxy /usr/bin/cmake /home/yangcb/Desktop/ROS2_Sample/shm_sample/shm_test -DCMAKE_INSTALL_PREFIX=/home/yangcb/Desktop/ROS2_Sample/shm_sample/install/shm_test
[0.107s] -- The C compiler identification is GNU 9.4.0
[0.168s] -- The CXX compiler identification is GNU 9.4.0
[0.172s] -- Check for working C compiler: /usr/bin/cc
[0.248s] -- Check for working C compiler: /usr/bin/cc -- works
[0.251s] -- Detecting C compiler ABI info
[0.319s] -- Detecting C compiler ABI info - done
[0.327s] -- Detecting C compile features
[0.327s] -- Detecting C compile features - done
[0.330s] -- Check for working CXX compiler: /usr/bin/c++
[0.420s] -- Check for working CXX compiler: /usr/bin/c++ -- works
[0.426s] -- Detecting CXX compiler ABI info
[0.507s] -- Detecting CXX compiler ABI info - done
[0.515s] -- Detecting CXX compile features
[0.516s] -- Detecting CXX compile features - done
[0.518s] -- Found ament_cmake: 0.9.11 (/opt/ros/foxy/share/ament_cmake/cmake)
[0.542s] -- Found PythonInterp: /usr/bin/python3 (found suitable version "3.8.10", minimum required is "3") 
[0.543s] -- Using PYTHON_EXECUTABLE: /usr/bin/python3
[0.771s] -- Found rclcpp: 2.4.2 (/opt/ros/foxy/share/rclcpp/cmake)
[0.813s] -- Using all available rosidl_typesupport_c: rosidl_typesupport_fastrtps_c;rosidl_typesupport_introspection_c
[0.820s] -- Found rosidl_adapter: 1.3.0 (/opt/ros/foxy/share/rosidl_adapter/cmake)
[0.898s] -- Found OpenSSL: /usr/lib/x86_64-linux-gnu/libcrypto.so (found version "1.1.1f")  
[0.925s] -- Found FastRTPS: /opt/ros/foxy/include  
[1.001s] -- Using all available rosidl_typesupport_cpp: rosidl_typesupport_fastrtps_cpp;rosidl_typesupport_introspection_cpp
[1.055s] -- Found rmw_implementation_cmake: 1.0.4 (/opt/ros/foxy/share/rmw_implementation_cmake/cmake)
[1.057s] -- Using RMW implementation 'rmw_fastrtps_cpp' as default
[1.058s] -- Looking for pthread.h
[1.148s] -- Looking for pthread.h - found
[1.150s] -- Performing Test CMAKE_HAVE_LIBC_PTHREAD
[1.223s] -- Performing Test CMAKE_HAVE_LIBC_PTHREAD - Failed
[1.227s] -- Looking for pthread_create in pthreads
[1.284s] -- Looking for pthread_create in pthreads - not found
[1.287s] -- Looking for pthread_create in pthread
[1.356s] -- Looking for pthread_create in pthread - found
[1.359s] -- Found Threads: TRUE  
[1.522s] -- Found ament_lint_auto: 0.9.8 (/opt/ros/foxy/share/ament_lint_auto/cmake)
[1.608s] -- Added test 'copyright' to check source files copyright and LICENSE
[1.609s] -- Added test 'cppcheck' to perform static code analysis on C / C++ code
[1.609s] -- Configured cppcheck include dirs: $<BUILD_INTERFACE:/home/yangcb/Desktop/ROS2_Sample/shm_sample/shm_test/include>
[1.609s] -- Configured cppcheck exclude dirs and/or files: 
[1.610s] -- Added test 'cpplint' to check C / C++ code against the Google style
[1.611s] -- Configured cpplint exclude dirs and/or files: 
[1.612s] -- Added test 'lint_cmake' to check CMake code style
[1.613s] -- Added test 'uncrustify' to check C / C++ code style
[1.613s] -- Configured uncrustify additional arguments: 
[1.613s] -- Added test 'xmllint' to check XML markup files
[1.617s] -- Configuring done
[1.624s] -- Generating done
[1.626s] -- Build files have been written to: /home/yangcb/Desktop/ROS2_Sample/shm_sample/build/shm_test
[1.635s] Invoked command in '/home/yangcb/Desktop/ROS2_Sample/shm_sample/build/shm_test' returned '0': CMAKE_PREFIX_PATH=/opt/ros/foxy /usr/bin/cmake /home/yangcb/Desktop/ROS2_Sample/shm_sample/shm_test -DCMAKE_INSTALL_PREFIX=/home/yangcb/Desktop/ROS2_Sample/shm_sample/install/shm_test
[1.636s] Invoking command in '/home/yangcb/Desktop/ROS2_Sample/shm_sample/build/shm_test': CMAKE_PREFIX_PATH=/opt/ros/foxy /usr/bin/cmake --build /home/yangcb/Desktop/ROS2_Sample/shm_sample/build/shm_test -- -j2 -l2
[1.683s] [35m[1mScanning dependencies of target shm_test[0m
[1.723s] [ 50%] [32mBuilding CXX object CMakeFiles/shm_test.dir/src/shm_test.cpp.o[0m
[4.449s] [01m[K/home/yangcb/Desktop/ROS2_Sample/shm_sample/shm_test/src/shm_test.cpp:28:10:[m[K [01;31m[Kerror: [m[Kâ€˜[01m[KTimeBase[m[Kâ€™ in namespace â€˜[01m[Krclcpp[m[Kâ€™ does not name a type; did you mean â€˜[01m[KTimerBase[m[Kâ€™?
[4.449s]    28 |  rclcpp::[01;31m[KTimeBase[m[K::SharedPtr timer_;
[4.449s]       |          [01;31m[K^~~~~~~~[m[K
[4.449s]       |          [32m[KTimerBase[m[K
[4.463s] [01m[K/home/yangcb/Desktop/ROS2_Sample/shm_sample/shm_test/src/shm_test.cpp:[m[K In constructor â€˜[01m[KPubNode::PubNode(const string&)[m[Kâ€™:
[4.463s] [01m[K/home/yangcb/Desktop/ROS2_Sample/shm_sample/shm_test/src/shm_test.cpp:11:12:[m[K [01;31m[Kerror: [m[Kâ€˜[01m[KSystemDefaultsQos[m[Kâ€™ is not a member of â€˜[01m[Krclcpp[m[Kâ€™; did you mean â€˜[01m[KSystemDefaultsQoS[m[Kâ€™?
[4.463s]    11 |    rclcpp::[01;31m[KSystemDefaultsQos[m[K());
[4.463s]       |            [01;31m[K^~~~~~~~~~~~~~~~~[m[K
[4.463s]       |            [32m[KSystemDefaultsQoS[m[K
[4.485s] [01m[K/home/yangcb/Desktop/ROS2_Sample/shm_sample/shm_test/src/shm_test.cpp:24:3:[m[K [01;31m[Kerror: [m[Kâ€˜[01m[Ktimer_[m[Kâ€™ was not declared in this scope; did you mean â€˜[01m[Ktimer_t[m[Kâ€™?
[4.485s]    24 |   [01;31m[Ktimer_[m[K = this->create_wall_timer(500ms, topictimer_callback);
[4.486s]       |   [01;31m[K^~~~~~[m[K
[4.486s]       |   [32m[Ktimer_t[m[K
[5.263s] make[2]: *** [CMakeFiles/shm_test.dir/build.make:63: CMakeFiles/shm_test.dir/src/shm_test.cpp.o] Error 1
[5.263s] make[1]: *** [CMakeFiles/Makefile2:78: CMakeFiles/shm_test.dir/all] Error 2
[5.263s] make: *** [Makefile:141: all] Error 2
[5.267s] Invoked command in '/home/yangcb/Desktop/ROS2_Sample/shm_sample/build/shm_test' returned '2': CMAKE_PREFIX_PATH=/opt/ros/foxy /usr/bin/cmake --build /home/yangcb/Desktop/ROS2_Sample/shm_sample/build/shm_test -- -j2 -l2
